Analysis & Synthesis report for chenillard_pwm_adc
Tue Dec 15 13:58:15 2015
Quartus II 64-Bit Version 15.0.0 Build 145 04/22/2015 SJ Web Edition


---------------------
; Table of Contents ;
---------------------
  1. Legal Notice
  2. Analysis & Synthesis Summary
  3. Analysis & Synthesis Settings
  4. Parallel Compilation
  5. Analysis & Synthesis Source Files Read
  6. Analysis & Synthesis Resource Usage Summary
  7. Analysis & Synthesis Resource Utilization by Entity
  8. Analysis & Synthesis DSP Block Usage Summary
  9. State Machine - |chenillard_pwm_adc|adc:adc_entity|state
 10. State Machine - |chenillard_pwm_adc|chenillard_pwm:chenillard_pwm_entity|state
 11. Registers Removed During Synthesis
 12. General Register Statistics
 13. Multiplexer Restructuring Statistics (Restructuring Performed)
 14. Parameter Settings for User Entity Instance: chenillard_pwm:chenillard_pwm_entity|single_pwm:\pwms:0:pwm
 15. Parameter Settings for User Entity Instance: chenillard_pwm:chenillard_pwm_entity|single_pwm:\pwms:1:pwm
 16. Parameter Settings for User Entity Instance: chenillard_pwm:chenillard_pwm_entity|single_pwm:\pwms:2:pwm
 17. Parameter Settings for User Entity Instance: chenillard_pwm:chenillard_pwm_entity|single_pwm:\pwms:3:pwm
 18. Parameter Settings for User Entity Instance: chenillard_pwm:chenillard_pwm_entity|single_pwm:\pwms:4:pwm
 19. Parameter Settings for User Entity Instance: chenillard_pwm:chenillard_pwm_entity|single_pwm:\pwms:5:pwm
 20. Parameter Settings for User Entity Instance: chenillard_pwm:chenillard_pwm_entity|single_pwm:\pwms:6:pwm
 21. Parameter Settings for User Entity Instance: chenillard_pwm:chenillard_pwm_entity|single_pwm:\pwms:7:pwm
 22. Parameter Settings for User Entity Instance: chenillard_pwm:chenillard_pwm_entity|single_pwm:\pwms:8:pwm
 23. Parameter Settings for User Entity Instance: chenillard_pwm:chenillard_pwm_entity|single_pwm:\pwms:9:pwm
 24. Parameter Settings for User Entity Instance: adc:adc_entity
 25. Port Connectivity Checks: "adc:adc_entity|quad_segment7:quad_segment7_1|segment7:MSB_segment7"
 26. Port Connectivity Checks: "adc:adc_entity|quad_segment7:quad_segment7_1|segment7:third_segment7"
 27. Port Connectivity Checks: "adc:adc_entity|quad_segment7:quad_segment7_1|segment7:second_segment7"
 28. Port Connectivity Checks: "adc:adc_entity|quad_segment7:quad_segment7_1|segment7:LSB_segment7"
 29. Port Connectivity Checks: "adc:adc_entity|quad_segment7:quad_segment7_1"
 30. Post-Synthesis Netlist Statistics for Top Partition
 31. Elapsed Time Per Partition
 32. Analysis & Synthesis Messages



----------------
; Legal Notice ;
----------------
Copyright (C) 1991-2015 Altera Corporation. All rights reserved.
Your use of Altera Corporation's design tools, logic functions 
and other software and tools, and its AMPP partner logic 
functions, and any output files from any of the foregoing 
(including device programming or simulation files), and any 
associated documentation or information are expressly subject 
to the terms and conditions of the Altera Program License 
Subscription Agreement, the Altera Quartus II License Agreement,
the Altera MegaCore Function License Agreement, or other 
applicable license agreement, including, without limitation, 
that your use is for the sole purpose of programming logic 
devices manufactured by Altera and sold by Altera or its 
authorized distributors.  Please refer to the applicable 
agreement for further details.



+------------------------------------------------------------------------------+
; Analysis & Synthesis Summary                                                 ;
+---------------------------------+--------------------------------------------+
; Analysis & Synthesis Status     ; Successful - Tue Dec 15 13:58:15 2015      ;
; Quartus II 64-Bit Version       ; 15.0.0 Build 145 04/22/2015 SJ Web Edition ;
; Revision Name                   ; chenillard_pwm_adc                         ;
; Top-level Entity Name           ; chenillard_pwm_adc                         ;
; Family                          ; Cyclone V                                  ;
; Logic utilization (in ALMs)     ; N/A                                        ;
; Total registers                 ; 616                                        ;
; Total pins                      ; 53                                         ;
; Total virtual pins              ; 0                                          ;
; Total block memory bits         ; 0                                          ;
; Total DSP Blocks                ; 12                                         ;
; Total HSSI RX PCSs              ; 0                                          ;
; Total HSSI PMA RX Deserializers ; 0                                          ;
; Total HSSI TX PCSs              ; 0                                          ;
; Total HSSI PMA TX Serializers   ; 0                                          ;
; Total PLLs                      ; 0                                          ;
; Total DLLs                      ; 0                                          ;
+---------------------------------+--------------------------------------------+


+---------------------------------------------------------------------------------------------------------------------------+
; Analysis & Synthesis Settings                                                                                             ;
+---------------------------------------------------------------------------------+--------------------+--------------------+
; Option                                                                          ; Setting            ; Default Value      ;
+---------------------------------------------------------------------------------+--------------------+--------------------+
; Device                                                                          ; 5CGXFC5C6F27C7     ;                    ;
; Top-level entity name                                                           ; chenillard_pwm_adc ; chenillard_pwm_adc ;
; Family name                                                                     ; Cyclone V          ; Cyclone V          ;
; Use smart compilation                                                           ; Off                ; Off                ;
; Enable parallel Assembler and TimeQuest Timing Analyzer during compilation      ; On                 ; On                 ;
; Enable compact report table                                                     ; Off                ; Off                ;
; Restructure Multiplexers                                                        ; Auto               ; Auto               ;
; MLAB Add Timing Constraints For Mixed-Port Feed-Through Mode Setting Don't Care ; Off                ; Off                ;
; Create Debugging Nodes for IP Cores                                             ; Off                ; Off                ;
; Preserve fewer node names                                                       ; On                 ; On                 ;
; Disable OpenCore Plus hardware evaluation                                       ; Off                ; Off                ;
; Verilog Version                                                                 ; Verilog_2001       ; Verilog_2001       ;
; VHDL Version                                                                    ; VHDL_1993          ; VHDL_1993          ;
; State Machine Processing                                                        ; Auto               ; Auto               ;
; Safe State Machine                                                              ; Off                ; Off                ;
; Extract Verilog State Machines                                                  ; On                 ; On                 ;
; Extract VHDL State Machines                                                     ; On                 ; On                 ;
; Ignore Verilog initial constructs                                               ; Off                ; Off                ;
; Iteration limit for constant Verilog loops                                      ; 5000               ; 5000               ;
; Iteration limit for non-constant Verilog loops                                  ; 250                ; 250                ;
; Add Pass-Through Logic to Inferred RAMs                                         ; On                 ; On                 ;
; Infer RAMs from Raw Logic                                                       ; On                 ; On                 ;
; Parallel Synthesis                                                              ; On                 ; On                 ;
; DSP Block Balancing                                                             ; Auto               ; Auto               ;
; NOT Gate Push-Back                                                              ; On                 ; On                 ;
; Power-Up Don't Care                                                             ; On                 ; On                 ;
; Remove Redundant Logic Cells                                                    ; Off                ; Off                ;
; Remove Duplicate Registers                                                      ; On                 ; On                 ;
; Ignore CARRY Buffers                                                            ; Off                ; Off                ;
; Ignore CASCADE Buffers                                                          ; Off                ; Off                ;
; Ignore GLOBAL Buffers                                                           ; Off                ; Off                ;
; Ignore ROW GLOBAL Buffers                                                       ; Off                ; Off                ;
; Ignore LCELL Buffers                                                            ; Off                ; Off                ;
; Ignore SOFT Buffers                                                             ; On                 ; On                 ;
; Limit AHDL Integers to 32 Bits                                                  ; Off                ; Off                ;
; Optimization Technique                                                          ; Balanced           ; Balanced           ;
; Carry Chain Length                                                              ; 70                 ; 70                 ;
; Auto Carry Chains                                                               ; On                 ; On                 ;
; Auto Open-Drain Pins                                                            ; On                 ; On                 ;
; Perform WYSIWYG Primitive Resynthesis                                           ; Off                ; Off                ;
; Auto ROM Replacement                                                            ; On                 ; On                 ;
; Auto RAM Replacement                                                            ; On                 ; On                 ;
; Auto DSP Block Replacement                                                      ; On                 ; On                 ;
; Auto Shift Register Replacement                                                 ; Auto               ; Auto               ;
; Allow Shift Register Merging across Hierarchies                                 ; Auto               ; Auto               ;
; Auto Clock Enable Replacement                                                   ; On                 ; On                 ;
; Strict RAM Replacement                                                          ; Off                ; Off                ;
; Allow Synchronous Control Signals                                               ; On                 ; On                 ;
; Force Use of Synchronous Clear Signals                                          ; Off                ; Off                ;
; Auto Resource Sharing                                                           ; Off                ; Off                ;
; Allow Any RAM Size For Recognition                                              ; Off                ; Off                ;
; Allow Any ROM Size For Recognition                                              ; Off                ; Off                ;
; Allow Any Shift Register Size For Recognition                                   ; Off                ; Off                ;
; Use LogicLock Constraints during Resource Balancing                             ; On                 ; On                 ;
; Ignore translate_off and synthesis_off directives                               ; Off                ; Off                ;
; Timing-Driven Synthesis                                                         ; On                 ; On                 ;
; Report Parameter Settings                                                       ; On                 ; On                 ;
; Report Source Assignments                                                       ; On                 ; On                 ;
; Report Connectivity Checks                                                      ; On                 ; On                 ;
; Ignore Maximum Fan-Out Assignments                                              ; Off                ; Off                ;
; Synchronization Register Chain Length                                           ; 3                  ; 3                  ;
; PowerPlay Power Optimization During Synthesis                                   ; Normal compilation ; Normal compilation ;
; HDL message level                                                               ; Level2             ; Level2             ;
; Suppress Register Optimization Related Messages                                 ; Off                ; Off                ;
; Number of Removed Registers Reported in Synthesis Report                        ; 5000               ; 5000               ;
; Number of Swept Nodes Reported in Synthesis Report                              ; 5000               ; 5000               ;
; Number of Inverted Registers Reported in Synthesis Report                       ; 100                ; 100                ;
; Clock MUX Protection                                                            ; On                 ; On                 ;
; Auto Gated Clock Conversion                                                     ; Off                ; Off                ;
; Block Design Naming                                                             ; Auto               ; Auto               ;
; SDC constraint protection                                                       ; Off                ; Off                ;
; Synthesis Effort                                                                ; Auto               ; Auto               ;
; Shift Register Replacement - Allow Asynchronous Clear Signal                    ; On                 ; On                 ;
; Pre-Mapping Resynthesis Optimization                                            ; Off                ; Off                ;
; Analysis & Synthesis Message Level                                              ; Medium             ; Medium             ;
; Disable Register Merging Across Hierarchies                                     ; Auto               ; Auto               ;
; Resource Aware Inference For Block RAM                                          ; On                 ; On                 ;
; Synthesis Seed                                                                  ; 1                  ; 1                  ;
; Automatic Parallel Synthesis                                                    ; On                 ; On                 ;
; Partial Reconfiguration Bitstream ID                                            ; Off                ; Off                ;
+---------------------------------------------------------------------------------+--------------------+--------------------+


Parallel compilation was disabled, but you have multiple processors available. Enable parallel compilation to reduce compilation time.
+-------------------------------------+
; Parallel Compilation                ;
+----------------------------+--------+
; Processors                 ; Number ;
+----------------------------+--------+
; Number detected on machine ; 8      ;
; Maximum allowed            ; 1      ;
+----------------------------+--------+


+------------------------------------------------------------------------------------------------------------------------------------------------------------------------+
; Analysis & Synthesis Source Files Read                                                                                                                                 ;
+--------------------------------------+-----------------+-----------------+-----------------------------------------------------------------------------------+---------+
; File Name with User-Entered Path     ; Used in Netlist ; File Type       ; File Name with Absolute Path                                                      ; Library ;
+--------------------------------------+-----------------+-----------------+-----------------------------------------------------------------------------------+---------+
; ../single_pwm/single_pwm.vhd         ; yes             ; User VHDL File  ; C:/Users/Daichi/hubiC/ELN/FPGA/Projects/single_pwm/single_pwm.vhd                 ;         ;
; ../segment7/segment7.vhd             ; yes             ; User VHDL File  ; C:/Users/Daichi/hubiC/ELN/FPGA/Projects/segment7/segment7.vhd                     ;         ;
; ../quad_segment7/quad_segment7.vhd   ; yes             ; User VHDL File  ; C:/Users/Daichi/hubiC/ELN/FPGA/Projects/quad_segment7/quad_segment7.vhd           ;         ;
; ../chenillard_pwm/chenillard_pwm.vhd ; yes             ; User VHDL File  ; C:/Users/Daichi/hubiC/ELN/FPGA/Projects/chenillard_pwm/chenillard_pwm.vhd         ;         ;
; ../adc/adc.vhd                       ; yes             ; User VHDL File  ; C:/Users/Daichi/hubiC/ELN/FPGA/Projects/adc/adc.vhd                               ;         ;
; chenillard_pwm_adc.vhd               ; yes             ; User VHDL File  ; C:/Users/Daichi/hubiC/ELN/FPGA/Projects/chenillard_pwm_adc/chenillard_pwm_adc.vhd ;         ;
+--------------------------------------+-----------------+-----------------+-----------------------------------------------------------------------------------+---------+


+---------------------------------------------------------+
; Analysis & Synthesis Resource Usage Summary             ;
+---------------------------------------------+-----------+
; Resource                                    ; Usage     ;
+---------------------------------------------+-----------+
; Estimate of Logic utilization (ALMs needed) ; 494       ;
;                                             ;           ;
; Combinational ALUT usage for logic          ; 844       ;
;     -- 7 input functions                    ; 0         ;
;     -- 6 input functions                    ; 109       ;
;     -- 5 input functions                    ; 86        ;
;     -- 4 input functions                    ; 197       ;
;     -- <=3 input functions                  ; 452       ;
;                                             ;           ;
; Dedicated logic registers                   ; 616       ;
;                                             ;           ;
; I/O pins                                    ; 53        ;
;                                             ;           ;
; Total DSP Blocks                            ; 12        ;
;                                             ;           ;
; Maximum fan-out node                        ; clk~input ;
; Maximum fan-out                             ; 539       ;
; Total fan-out                               ; 5128      ;
; Average fan-out                             ; 3.25      ;
+---------------------------------------------+-----------+


+------------------------------------------------------------------------------------------------------------------------------------------------------------------------------------------------------------------------------------------------+
; Analysis & Synthesis Resource Utilization by Entity                                                                                                                                                                                            ;
+-------------------------------------------+-------------------+--------------+-------------------+------------+------+--------------+-------------------------------------------------------------------------------------------+--------------+
; Compilation Hierarchy Node                ; LC Combinationals ; LC Registers ; Block Memory Bits ; DSP Blocks ; Pins ; Virtual Pins ; Full Hierarchy Name                                                                       ; Library Name ;
+-------------------------------------------+-------------------+--------------+-------------------+------------+------+--------------+-------------------------------------------------------------------------------------------+--------------+
; |chenillard_pwm_adc                       ; 844 (0)           ; 616 (0)      ; 0                 ; 12         ; 53   ; 0            ; |chenillard_pwm_adc                                                                       ; work         ;
;    |adc:adc_entity|                       ; 387 (328)         ; 258 (258)    ; 0                 ; 0          ; 0    ; 0            ; |chenillard_pwm_adc|adc:adc_entity                                                        ; work         ;
;       |quad_segment7:quad_segment7_1|     ; 59 (32)           ; 0 (0)        ; 0                 ; 0          ; 0    ; 0            ; |chenillard_pwm_adc|adc:adc_entity|quad_segment7:quad_segment7_1                          ; work         ;
;          |segment7:LSB_segment7|          ; 7 (7)             ; 0 (0)        ; 0                 ; 0          ; 0    ; 0            ; |chenillard_pwm_adc|adc:adc_entity|quad_segment7:quad_segment7_1|segment7:LSB_segment7    ; work         ;
;          |segment7:MSB_segment7|          ; 6 (6)             ; 0 (0)        ; 0                 ; 0          ; 0    ; 0            ; |chenillard_pwm_adc|adc:adc_entity|quad_segment7:quad_segment7_1|segment7:MSB_segment7    ; work         ;
;          |segment7:second_segment7|       ; 7 (7)             ; 0 (0)        ; 0                 ; 0          ; 0    ; 0            ; |chenillard_pwm_adc|adc:adc_entity|quad_segment7:quad_segment7_1|segment7:second_segment7 ; work         ;
;          |segment7:third_segment7|        ; 7 (7)             ; 0 (0)        ; 0                 ; 0          ; 0    ; 0            ; |chenillard_pwm_adc|adc:adc_entity|quad_segment7:quad_segment7_1|segment7:third_segment7  ; work         ;
;    |chenillard_pwm:chenillard_pwm_entity| ; 457 (233)         ; 358 (158)    ; 0                 ; 12         ; 0    ; 0            ; |chenillard_pwm_adc|chenillard_pwm:chenillard_pwm_entity                                  ; work         ;
;       |single_pwm:\pwms:0:pwm|            ; 35 (35)           ; 29 (29)      ; 0                 ; 1          ; 0    ; 0            ; |chenillard_pwm_adc|chenillard_pwm:chenillard_pwm_entity|single_pwm:\pwms:0:pwm           ; work         ;
;       |single_pwm:\pwms:1:pwm|            ; 21 (21)           ; 19 (19)      ; 0                 ; 1          ; 0    ; 0            ; |chenillard_pwm_adc|chenillard_pwm:chenillard_pwm_entity|single_pwm:\pwms:1:pwm           ; work         ;
;       |single_pwm:\pwms:2:pwm|            ; 21 (21)           ; 19 (19)      ; 0                 ; 1          ; 0    ; 0            ; |chenillard_pwm_adc|chenillard_pwm:chenillard_pwm_entity|single_pwm:\pwms:2:pwm           ; work         ;
;       |single_pwm:\pwms:3:pwm|            ; 21 (21)           ; 19 (19)      ; 0                 ; 1          ; 0    ; 0            ; |chenillard_pwm_adc|chenillard_pwm:chenillard_pwm_entity|single_pwm:\pwms:3:pwm           ; work         ;
;       |single_pwm:\pwms:4:pwm|            ; 21 (21)           ; 19 (19)      ; 0                 ; 1          ; 0    ; 0            ; |chenillard_pwm_adc|chenillard_pwm:chenillard_pwm_entity|single_pwm:\pwms:4:pwm           ; work         ;
;       |single_pwm:\pwms:5:pwm|            ; 21 (21)           ; 19 (19)      ; 0                 ; 1          ; 0    ; 0            ; |chenillard_pwm_adc|chenillard_pwm:chenillard_pwm_entity|single_pwm:\pwms:5:pwm           ; work         ;
;       |single_pwm:\pwms:6:pwm|            ; 21 (21)           ; 19 (19)      ; 0                 ; 1          ; 0    ; 0            ; |chenillard_pwm_adc|chenillard_pwm:chenillard_pwm_entity|single_pwm:\pwms:6:pwm           ; work         ;
;       |single_pwm:\pwms:7:pwm|            ; 21 (21)           ; 19 (19)      ; 0                 ; 1          ; 0    ; 0            ; |chenillard_pwm_adc|chenillard_pwm:chenillard_pwm_entity|single_pwm:\pwms:7:pwm           ; work         ;
;       |single_pwm:\pwms:8:pwm|            ; 21 (21)           ; 19 (19)      ; 0                 ; 1          ; 0    ; 0            ; |chenillard_pwm_adc|chenillard_pwm:chenillard_pwm_entity|single_pwm:\pwms:8:pwm           ; work         ;
;       |single_pwm:\pwms:9:pwm|            ; 21 (21)           ; 19 (19)      ; 0                 ; 1          ; 0    ; 0            ; |chenillard_pwm_adc|chenillard_pwm:chenillard_pwm_entity|single_pwm:\pwms:9:pwm           ; work         ;
+-------------------------------------------+-------------------+--------------+-------------------+------------+------+--------------+-------------------------------------------------------------------------------------------+--------------+
Note: For table entries with two numbers listed, the numbers in parentheses indicate the number of resources of the given type used by the specific entity alone. The numbers listed outside of parentheses indicate the total resources of the given type used by the specific entity and all of its sub-entities in the hierarchy.


+-----------------------------------------------+
; Analysis & Synthesis DSP Block Usage Summary  ;
+---------------------------------+-------------+
; Statistic                       ; Number Used ;
+---------------------------------+-------------+
; Independent 18x18               ; 11          ;
; Independent 18x18 plus 36       ; 1           ;
; Total number of DSP blocks      ; 12          ;
;                                 ;             ;
; Fixed Point Unsigned Multiplier ; 12          ;
+---------------------------------+-------------+


Encoding Type:  One-Hot
+----------------------------------------------------------------------------------------------------------------------------------------------------+
; State Machine - |chenillard_pwm_adc|adc:adc_entity|state                                                                                           ;
+-------------------------+-------------------------+-----------------------+------------+------------------------+------------------+---------------+
; Name                    ; state.wait_between_sent ; state.wait_while_busy ; state.send ; state.start_conversion ; state.wait_input ; state.initial ;
+-------------------------+-------------------------+-----------------------+------------+------------------------+------------------+---------------+
; state.initial           ; 0                       ; 0                     ; 0          ; 0                      ; 0                ; 0             ;
; state.wait_input        ; 0                       ; 0                     ; 0          ; 0                      ; 1                ; 1             ;
; state.start_conversion  ; 0                       ; 0                     ; 0          ; 1                      ; 0                ; 1             ;
; state.send              ; 0                       ; 0                     ; 1          ; 0                      ; 0                ; 1             ;
; state.wait_while_busy   ; 0                       ; 1                     ; 0          ; 0                      ; 0                ; 1             ;
; state.wait_between_sent ; 1                       ; 0                     ; 0          ; 0                      ; 0                ; 1             ;
+-------------------------+-------------------------+-----------------------+------------+------------------------+------------------+---------------+


Encoding Type:  One-Hot
+---------------------------------------------------------------------------------------------+
; State Machine - |chenillard_pwm_adc|chenillard_pwm:chenillard_pwm_entity|state              ;
+----------------------------+------------------+----------------+----------------------------+
; Name                       ; state.wait_state ; state.go_state ; state.calculate_duty_state ;
+----------------------------+------------------+----------------+----------------------------+
; state.calculate_duty_state ; 0                ; 0              ; 0                          ;
; state.go_state             ; 0                ; 1              ; 1                          ;
; state.wait_state           ; 1                ; 0              ; 1                          ;
+----------------------------+------------------+----------------+----------------------------+


+---------------------------------------------------------------------------------------------------------------------------------------------------------+
; Registers Removed During Synthesis                                                                                                                      ;
+----------------------------------------------------------------------+----------------------------------------------------------------------------------+
; Register name                                                        ; Reason for Removal                                                               ;
+----------------------------------------------------------------------+----------------------------------------------------------------------------------+
; chenillard_pwm:chenillard_pwm_entity|single_pwm:\pwms:1:pwm|count[9] ; Merged with chenillard_pwm:chenillard_pwm_entity|single_pwm:\pwms:0:pwm|count[9] ;
; chenillard_pwm:chenillard_pwm_entity|single_pwm:\pwms:2:pwm|count[9] ; Merged with chenillard_pwm:chenillard_pwm_entity|single_pwm:\pwms:0:pwm|count[9] ;
; chenillard_pwm:chenillard_pwm_entity|single_pwm:\pwms:3:pwm|count[9] ; Merged with chenillard_pwm:chenillard_pwm_entity|single_pwm:\pwms:0:pwm|count[9] ;
; chenillard_pwm:chenillard_pwm_entity|single_pwm:\pwms:4:pwm|count[9] ; Merged with chenillard_pwm:chenillard_pwm_entity|single_pwm:\pwms:0:pwm|count[9] ;
; chenillard_pwm:chenillard_pwm_entity|single_pwm:\pwms:5:pwm|count[9] ; Merged with chenillard_pwm:chenillard_pwm_entity|single_pwm:\pwms:0:pwm|count[9] ;
; chenillard_pwm:chenillard_pwm_entity|single_pwm:\pwms:6:pwm|count[9] ; Merged with chenillard_pwm:chenillard_pwm_entity|single_pwm:\pwms:0:pwm|count[9] ;
; chenillard_pwm:chenillard_pwm_entity|single_pwm:\pwms:7:pwm|count[9] ; Merged with chenillard_pwm:chenillard_pwm_entity|single_pwm:\pwms:0:pwm|count[9] ;
; chenillard_pwm:chenillard_pwm_entity|single_pwm:\pwms:8:pwm|count[9] ; Merged with chenillard_pwm:chenillard_pwm_entity|single_pwm:\pwms:0:pwm|count[9] ;
; chenillard_pwm:chenillard_pwm_entity|single_pwm:\pwms:9:pwm|count[9] ; Merged with chenillard_pwm:chenillard_pwm_entity|single_pwm:\pwms:0:pwm|count[9] ;
; chenillard_pwm:chenillard_pwm_entity|single_pwm:\pwms:1:pwm|count[8] ; Merged with chenillard_pwm:chenillard_pwm_entity|single_pwm:\pwms:0:pwm|count[8] ;
; chenillard_pwm:chenillard_pwm_entity|single_pwm:\pwms:2:pwm|count[8] ; Merged with chenillard_pwm:chenillard_pwm_entity|single_pwm:\pwms:0:pwm|count[8] ;
; chenillard_pwm:chenillard_pwm_entity|single_pwm:\pwms:3:pwm|count[8] ; Merged with chenillard_pwm:chenillard_pwm_entity|single_pwm:\pwms:0:pwm|count[8] ;
; chenillard_pwm:chenillard_pwm_entity|single_pwm:\pwms:4:pwm|count[8] ; Merged with chenillard_pwm:chenillard_pwm_entity|single_pwm:\pwms:0:pwm|count[8] ;
; chenillard_pwm:chenillard_pwm_entity|single_pwm:\pwms:5:pwm|count[8] ; Merged with chenillard_pwm:chenillard_pwm_entity|single_pwm:\pwms:0:pwm|count[8] ;
; chenillard_pwm:chenillard_pwm_entity|single_pwm:\pwms:6:pwm|count[8] ; Merged with chenillard_pwm:chenillard_pwm_entity|single_pwm:\pwms:0:pwm|count[8] ;
; chenillard_pwm:chenillard_pwm_entity|single_pwm:\pwms:7:pwm|count[8] ; Merged with chenillard_pwm:chenillard_pwm_entity|single_pwm:\pwms:0:pwm|count[8] ;
; chenillard_pwm:chenillard_pwm_entity|single_pwm:\pwms:8:pwm|count[8] ; Merged with chenillard_pwm:chenillard_pwm_entity|single_pwm:\pwms:0:pwm|count[8] ;
; chenillard_pwm:chenillard_pwm_entity|single_pwm:\pwms:9:pwm|count[8] ; Merged with chenillard_pwm:chenillard_pwm_entity|single_pwm:\pwms:0:pwm|count[8] ;
; chenillard_pwm:chenillard_pwm_entity|single_pwm:\pwms:1:pwm|count[7] ; Merged with chenillard_pwm:chenillard_pwm_entity|single_pwm:\pwms:0:pwm|count[7] ;
; chenillard_pwm:chenillard_pwm_entity|single_pwm:\pwms:2:pwm|count[7] ; Merged with chenillard_pwm:chenillard_pwm_entity|single_pwm:\pwms:0:pwm|count[7] ;
; chenillard_pwm:chenillard_pwm_entity|single_pwm:\pwms:3:pwm|count[7] ; Merged with chenillard_pwm:chenillard_pwm_entity|single_pwm:\pwms:0:pwm|count[7] ;
; chenillard_pwm:chenillard_pwm_entity|single_pwm:\pwms:4:pwm|count[7] ; Merged with chenillard_pwm:chenillard_pwm_entity|single_pwm:\pwms:0:pwm|count[7] ;
; chenillard_pwm:chenillard_pwm_entity|single_pwm:\pwms:5:pwm|count[7] ; Merged with chenillard_pwm:chenillard_pwm_entity|single_pwm:\pwms:0:pwm|count[7] ;
; chenillard_pwm:chenillard_pwm_entity|single_pwm:\pwms:6:pwm|count[7] ; Merged with chenillard_pwm:chenillard_pwm_entity|single_pwm:\pwms:0:pwm|count[7] ;
; chenillard_pwm:chenillard_pwm_entity|single_pwm:\pwms:7:pwm|count[7] ; Merged with chenillard_pwm:chenillard_pwm_entity|single_pwm:\pwms:0:pwm|count[7] ;
; chenillard_pwm:chenillard_pwm_entity|single_pwm:\pwms:8:pwm|count[7] ; Merged with chenillard_pwm:chenillard_pwm_entity|single_pwm:\pwms:0:pwm|count[7] ;
; chenillard_pwm:chenillard_pwm_entity|single_pwm:\pwms:9:pwm|count[7] ; Merged with chenillard_pwm:chenillard_pwm_entity|single_pwm:\pwms:0:pwm|count[7] ;
; chenillard_pwm:chenillard_pwm_entity|single_pwm:\pwms:1:pwm|count[6] ; Merged with chenillard_pwm:chenillard_pwm_entity|single_pwm:\pwms:0:pwm|count[6] ;
; chenillard_pwm:chenillard_pwm_entity|single_pwm:\pwms:2:pwm|count[6] ; Merged with chenillard_pwm:chenillard_pwm_entity|single_pwm:\pwms:0:pwm|count[6] ;
; chenillard_pwm:chenillard_pwm_entity|single_pwm:\pwms:3:pwm|count[6] ; Merged with chenillard_pwm:chenillard_pwm_entity|single_pwm:\pwms:0:pwm|count[6] ;
; chenillard_pwm:chenillard_pwm_entity|single_pwm:\pwms:4:pwm|count[6] ; Merged with chenillard_pwm:chenillard_pwm_entity|single_pwm:\pwms:0:pwm|count[6] ;
; chenillard_pwm:chenillard_pwm_entity|single_pwm:\pwms:5:pwm|count[6] ; Merged with chenillard_pwm:chenillard_pwm_entity|single_pwm:\pwms:0:pwm|count[6] ;
; chenillard_pwm:chenillard_pwm_entity|single_pwm:\pwms:6:pwm|count[6] ; Merged with chenillard_pwm:chenillard_pwm_entity|single_pwm:\pwms:0:pwm|count[6] ;
; chenillard_pwm:chenillard_pwm_entity|single_pwm:\pwms:7:pwm|count[6] ; Merged with chenillard_pwm:chenillard_pwm_entity|single_pwm:\pwms:0:pwm|count[6] ;
; chenillard_pwm:chenillard_pwm_entity|single_pwm:\pwms:8:pwm|count[6] ; Merged with chenillard_pwm:chenillard_pwm_entity|single_pwm:\pwms:0:pwm|count[6] ;
; chenillard_pwm:chenillard_pwm_entity|single_pwm:\pwms:9:pwm|count[6] ; Merged with chenillard_pwm:chenillard_pwm_entity|single_pwm:\pwms:0:pwm|count[6] ;
; chenillard_pwm:chenillard_pwm_entity|single_pwm:\pwms:1:pwm|count[5] ; Merged with chenillard_pwm:chenillard_pwm_entity|single_pwm:\pwms:0:pwm|count[5] ;
; chenillard_pwm:chenillard_pwm_entity|single_pwm:\pwms:2:pwm|count[5] ; Merged with chenillard_pwm:chenillard_pwm_entity|single_pwm:\pwms:0:pwm|count[5] ;
; chenillard_pwm:chenillard_pwm_entity|single_pwm:\pwms:3:pwm|count[5] ; Merged with chenillard_pwm:chenillard_pwm_entity|single_pwm:\pwms:0:pwm|count[5] ;
; chenillard_pwm:chenillard_pwm_entity|single_pwm:\pwms:4:pwm|count[5] ; Merged with chenillard_pwm:chenillard_pwm_entity|single_pwm:\pwms:0:pwm|count[5] ;
; chenillard_pwm:chenillard_pwm_entity|single_pwm:\pwms:5:pwm|count[5] ; Merged with chenillard_pwm:chenillard_pwm_entity|single_pwm:\pwms:0:pwm|count[5] ;
; chenillard_pwm:chenillard_pwm_entity|single_pwm:\pwms:6:pwm|count[5] ; Merged with chenillard_pwm:chenillard_pwm_entity|single_pwm:\pwms:0:pwm|count[5] ;
; chenillard_pwm:chenillard_pwm_entity|single_pwm:\pwms:7:pwm|count[5] ; Merged with chenillard_pwm:chenillard_pwm_entity|single_pwm:\pwms:0:pwm|count[5] ;
; chenillard_pwm:chenillard_pwm_entity|single_pwm:\pwms:8:pwm|count[5] ; Merged with chenillard_pwm:chenillard_pwm_entity|single_pwm:\pwms:0:pwm|count[5] ;
; chenillard_pwm:chenillard_pwm_entity|single_pwm:\pwms:9:pwm|count[5] ; Merged with chenillard_pwm:chenillard_pwm_entity|single_pwm:\pwms:0:pwm|count[5] ;
; chenillard_pwm:chenillard_pwm_entity|single_pwm:\pwms:1:pwm|count[4] ; Merged with chenillard_pwm:chenillard_pwm_entity|single_pwm:\pwms:0:pwm|count[4] ;
; chenillard_pwm:chenillard_pwm_entity|single_pwm:\pwms:2:pwm|count[4] ; Merged with chenillard_pwm:chenillard_pwm_entity|single_pwm:\pwms:0:pwm|count[4] ;
; chenillard_pwm:chenillard_pwm_entity|single_pwm:\pwms:3:pwm|count[4] ; Merged with chenillard_pwm:chenillard_pwm_entity|single_pwm:\pwms:0:pwm|count[4] ;
; chenillard_pwm:chenillard_pwm_entity|single_pwm:\pwms:4:pwm|count[4] ; Merged with chenillard_pwm:chenillard_pwm_entity|single_pwm:\pwms:0:pwm|count[4] ;
; chenillard_pwm:chenillard_pwm_entity|single_pwm:\pwms:5:pwm|count[4] ; Merged with chenillard_pwm:chenillard_pwm_entity|single_pwm:\pwms:0:pwm|count[4] ;
; chenillard_pwm:chenillard_pwm_entity|single_pwm:\pwms:6:pwm|count[4] ; Merged with chenillard_pwm:chenillard_pwm_entity|single_pwm:\pwms:0:pwm|count[4] ;
; chenillard_pwm:chenillard_pwm_entity|single_pwm:\pwms:7:pwm|count[4] ; Merged with chenillard_pwm:chenillard_pwm_entity|single_pwm:\pwms:0:pwm|count[4] ;
; chenillard_pwm:chenillard_pwm_entity|single_pwm:\pwms:8:pwm|count[4] ; Merged with chenillard_pwm:chenillard_pwm_entity|single_pwm:\pwms:0:pwm|count[4] ;
; chenillard_pwm:chenillard_pwm_entity|single_pwm:\pwms:9:pwm|count[4] ; Merged with chenillard_pwm:chenillard_pwm_entity|single_pwm:\pwms:0:pwm|count[4] ;
; chenillard_pwm:chenillard_pwm_entity|single_pwm:\pwms:1:pwm|count[3] ; Merged with chenillard_pwm:chenillard_pwm_entity|single_pwm:\pwms:0:pwm|count[3] ;
; chenillard_pwm:chenillard_pwm_entity|single_pwm:\pwms:2:pwm|count[3] ; Merged with chenillard_pwm:chenillard_pwm_entity|single_pwm:\pwms:0:pwm|count[3] ;
; chenillard_pwm:chenillard_pwm_entity|single_pwm:\pwms:3:pwm|count[3] ; Merged with chenillard_pwm:chenillard_pwm_entity|single_pwm:\pwms:0:pwm|count[3] ;
; chenillard_pwm:chenillard_pwm_entity|single_pwm:\pwms:4:pwm|count[3] ; Merged with chenillard_pwm:chenillard_pwm_entity|single_pwm:\pwms:0:pwm|count[3] ;
; chenillard_pwm:chenillard_pwm_entity|single_pwm:\pwms:5:pwm|count[3] ; Merged with chenillard_pwm:chenillard_pwm_entity|single_pwm:\pwms:0:pwm|count[3] ;
; chenillard_pwm:chenillard_pwm_entity|single_pwm:\pwms:6:pwm|count[3] ; Merged with chenillard_pwm:chenillard_pwm_entity|single_pwm:\pwms:0:pwm|count[3] ;
; chenillard_pwm:chenillard_pwm_entity|single_pwm:\pwms:7:pwm|count[3] ; Merged with chenillard_pwm:chenillard_pwm_entity|single_pwm:\pwms:0:pwm|count[3] ;
; chenillard_pwm:chenillard_pwm_entity|single_pwm:\pwms:8:pwm|count[3] ; Merged with chenillard_pwm:chenillard_pwm_entity|single_pwm:\pwms:0:pwm|count[3] ;
; chenillard_pwm:chenillard_pwm_entity|single_pwm:\pwms:9:pwm|count[3] ; Merged with chenillard_pwm:chenillard_pwm_entity|single_pwm:\pwms:0:pwm|count[3] ;
; chenillard_pwm:chenillard_pwm_entity|single_pwm:\pwms:1:pwm|count[2] ; Merged with chenillard_pwm:chenillard_pwm_entity|single_pwm:\pwms:0:pwm|count[2] ;
; chenillard_pwm:chenillard_pwm_entity|single_pwm:\pwms:2:pwm|count[2] ; Merged with chenillard_pwm:chenillard_pwm_entity|single_pwm:\pwms:0:pwm|count[2] ;
; chenillard_pwm:chenillard_pwm_entity|single_pwm:\pwms:3:pwm|count[2] ; Merged with chenillard_pwm:chenillard_pwm_entity|single_pwm:\pwms:0:pwm|count[2] ;
; chenillard_pwm:chenillard_pwm_entity|single_pwm:\pwms:4:pwm|count[2] ; Merged with chenillard_pwm:chenillard_pwm_entity|single_pwm:\pwms:0:pwm|count[2] ;
; chenillard_pwm:chenillard_pwm_entity|single_pwm:\pwms:5:pwm|count[2] ; Merged with chenillard_pwm:chenillard_pwm_entity|single_pwm:\pwms:0:pwm|count[2] ;
; chenillard_pwm:chenillard_pwm_entity|single_pwm:\pwms:6:pwm|count[2] ; Merged with chenillard_pwm:chenillard_pwm_entity|single_pwm:\pwms:0:pwm|count[2] ;
; chenillard_pwm:chenillard_pwm_entity|single_pwm:\pwms:7:pwm|count[2] ; Merged with chenillard_pwm:chenillard_pwm_entity|single_pwm:\pwms:0:pwm|count[2] ;
; chenillard_pwm:chenillard_pwm_entity|single_pwm:\pwms:8:pwm|count[2] ; Merged with chenillard_pwm:chenillard_pwm_entity|single_pwm:\pwms:0:pwm|count[2] ;
; chenillard_pwm:chenillard_pwm_entity|single_pwm:\pwms:9:pwm|count[2] ; Merged with chenillard_pwm:chenillard_pwm_entity|single_pwm:\pwms:0:pwm|count[2] ;
; chenillard_pwm:chenillard_pwm_entity|single_pwm:\pwms:1:pwm|count[1] ; Merged with chenillard_pwm:chenillard_pwm_entity|single_pwm:\pwms:0:pwm|count[1] ;
; chenillard_pwm:chenillard_pwm_entity|single_pwm:\pwms:2:pwm|count[1] ; Merged with chenillard_pwm:chenillard_pwm_entity|single_pwm:\pwms:0:pwm|count[1] ;
; chenillard_pwm:chenillard_pwm_entity|single_pwm:\pwms:3:pwm|count[1] ; Merged with chenillard_pwm:chenillard_pwm_entity|single_pwm:\pwms:0:pwm|count[1] ;
; chenillard_pwm:chenillard_pwm_entity|single_pwm:\pwms:4:pwm|count[1] ; Merged with chenillard_pwm:chenillard_pwm_entity|single_pwm:\pwms:0:pwm|count[1] ;
; chenillard_pwm:chenillard_pwm_entity|single_pwm:\pwms:5:pwm|count[1] ; Merged with chenillard_pwm:chenillard_pwm_entity|single_pwm:\pwms:0:pwm|count[1] ;
; chenillard_pwm:chenillard_pwm_entity|single_pwm:\pwms:6:pwm|count[1] ; Merged with chenillard_pwm:chenillard_pwm_entity|single_pwm:\pwms:0:pwm|count[1] ;
; chenillard_pwm:chenillard_pwm_entity|single_pwm:\pwms:7:pwm|count[1] ; Merged with chenillard_pwm:chenillard_pwm_entity|single_pwm:\pwms:0:pwm|count[1] ;
; chenillard_pwm:chenillard_pwm_entity|single_pwm:\pwms:8:pwm|count[1] ; Merged with chenillard_pwm:chenillard_pwm_entity|single_pwm:\pwms:0:pwm|count[1] ;
; chenillard_pwm:chenillard_pwm_entity|single_pwm:\pwms:9:pwm|count[1] ; Merged with chenillard_pwm:chenillard_pwm_entity|single_pwm:\pwms:0:pwm|count[1] ;
; chenillard_pwm:chenillard_pwm_entity|single_pwm:\pwms:1:pwm|count[0] ; Merged with chenillard_pwm:chenillard_pwm_entity|single_pwm:\pwms:0:pwm|count[0] ;
; chenillard_pwm:chenillard_pwm_entity|single_pwm:\pwms:2:pwm|count[0] ; Merged with chenillard_pwm:chenillard_pwm_entity|single_pwm:\pwms:0:pwm|count[0] ;
; chenillard_pwm:chenillard_pwm_entity|single_pwm:\pwms:3:pwm|count[0] ; Merged with chenillard_pwm:chenillard_pwm_entity|single_pwm:\pwms:0:pwm|count[0] ;
; chenillard_pwm:chenillard_pwm_entity|single_pwm:\pwms:4:pwm|count[0] ; Merged with chenillard_pwm:chenillard_pwm_entity|single_pwm:\pwms:0:pwm|count[0] ;
; chenillard_pwm:chenillard_pwm_entity|single_pwm:\pwms:5:pwm|count[0] ; Merged with chenillard_pwm:chenillard_pwm_entity|single_pwm:\pwms:0:pwm|count[0] ;
; chenillard_pwm:chenillard_pwm_entity|single_pwm:\pwms:6:pwm|count[0] ; Merged with chenillard_pwm:chenillard_pwm_entity|single_pwm:\pwms:0:pwm|count[0] ;
; chenillard_pwm:chenillard_pwm_entity|single_pwm:\pwms:7:pwm|count[0] ; Merged with chenillard_pwm:chenillard_pwm_entity|single_pwm:\pwms:0:pwm|count[0] ;
; chenillard_pwm:chenillard_pwm_entity|single_pwm:\pwms:8:pwm|count[0] ; Merged with chenillard_pwm:chenillard_pwm_entity|single_pwm:\pwms:0:pwm|count[0] ;
; chenillard_pwm:chenillard_pwm_entity|single_pwm:\pwms:9:pwm|count[0] ; Merged with chenillard_pwm:chenillard_pwm_entity|single_pwm:\pwms:0:pwm|count[0] ;
; Total Number of Removed Registers = 90                               ;                                                                                  ;
+----------------------------------------------------------------------+----------------------------------------------------------------------------------+


+------------------------------------------------------+
; General Register Statistics                          ;
+----------------------------------------------+-------+
; Statistic                                    ; Value ;
+----------------------------------------------+-------+
; Total registers                              ; 616   ;
; Number of registers using Synchronous Clear  ; 388   ;
; Number of registers using Synchronous Load   ; 0     ;
; Number of registers using Asynchronous Clear ; 29    ;
; Number of registers using Asynchronous Load  ; 0     ;
; Number of registers using Clock Enable       ; 511   ;
; Number of registers using Preset             ; 0     ;
+----------------------------------------------+-------+


+-----------------------------------------------------------------------------------------------------------------------------------------------------------------------+
; Multiplexer Restructuring Statistics (Restructuring Performed)                                                                                                        ;
+--------------------+-----------+---------------+----------------------+------------------------+------------+---------------------------------------------------------+
; Multiplexer Inputs ; Bus Width ; Baseline Area ; Area if Restructured ; Saving if Restructured ; Registered ; Example Multiplexer Output                              ;
+--------------------+-----------+---------------+----------------------+------------------------+------------+---------------------------------------------------------+
; 3:1                ; 32 bits   ; 64 LEs        ; 0 LEs                ; 64 LEs                 ; Yes        ; |chenillard_pwm_adc|adc:adc_entity|\MAIN:clock_count[4] ;
; 4:1                ; 32 bits   ; 64 LEs        ; 0 LEs                ; 64 LEs                 ; Yes        ; |chenillard_pwm_adc|adc:adc_entity|\MAIN:bit_count[13]  ;
+--------------------+-----------+---------------+----------------------+------------------------+------------+---------------------------------------------------------+


+----------------------------------------------------------------------------------------------------------+
; Parameter Settings for User Entity Instance: chenillard_pwm:chenillard_pwm_entity|single_pwm:\pwms:0:pwm ;
+-----------------+----------+-----------------------------------------------------------------------------+
; Parameter Name  ; Value    ; Type                                                                        ;
+-----------------+----------+-----------------------------------------------------------------------------+
; sys_clk         ; 50000000 ; Signed Integer                                                              ;
; pwm_freq        ; 50000    ; Signed Integer                                                              ;
; bits_resolution ; 8        ; Signed Integer                                                              ;
+-----------------+----------+-----------------------------------------------------------------------------+
Note: In order to hide this table in the UI and the text report file, please set the "Show Parameter Settings in Synthesis Report" option in "Analysis and Synthesis Settings -> More Settings" to "Off".


+----------------------------------------------------------------------------------------------------------+
; Parameter Settings for User Entity Instance: chenillard_pwm:chenillard_pwm_entity|single_pwm:\pwms:1:pwm ;
+-----------------+----------+-----------------------------------------------------------------------------+
; Parameter Name  ; Value    ; Type                                                                        ;
+-----------------+----------+-----------------------------------------------------------------------------+
; sys_clk         ; 50000000 ; Signed Integer                                                              ;
; pwm_freq        ; 50000    ; Signed Integer                                                              ;
; bits_resolution ; 8        ; Signed Integer                                                              ;
+-----------------+----------+-----------------------------------------------------------------------------+
Note: In order to hide this table in the UI and the text report file, please set the "Show Parameter Settings in Synthesis Report" option in "Analysis and Synthesis Settings -> More Settings" to "Off".


+----------------------------------------------------------------------------------------------------------+
; Parameter Settings for User Entity Instance: chenillard_pwm:chenillard_pwm_entity|single_pwm:\pwms:2:pwm ;
+-----------------+----------+-----------------------------------------------------------------------------+
; Parameter Name  ; Value    ; Type                                                                        ;
+-----------------+----------+-----------------------------------------------------------------------------+
; sys_clk         ; 50000000 ; Signed Integer                                                              ;
; pwm_freq        ; 50000    ; Signed Integer                                                              ;
; bits_resolution ; 8        ; Signed Integer                                                              ;
+-----------------+----------+-----------------------------------------------------------------------------+
Note: In order to hide this table in the UI and the text report file, please set the "Show Parameter Settings in Synthesis Report" option in "Analysis and Synthesis Settings -> More Settings" to "Off".


+----------------------------------------------------------------------------------------------------------+
; Parameter Settings for User Entity Instance: chenillard_pwm:chenillard_pwm_entity|single_pwm:\pwms:3:pwm ;
+-----------------+----------+-----------------------------------------------------------------------------+
; Parameter Name  ; Value    ; Type                                                                        ;
+-----------------+----------+-----------------------------------------------------------------------------+
; sys_clk         ; 50000000 ; Signed Integer                                                              ;
; pwm_freq        ; 50000    ; Signed Integer                                                              ;
; bits_resolution ; 8        ; Signed Integer                                                              ;
+-----------------+----------+-----------------------------------------------------------------------------+
Note: In order to hide this table in the UI and the text report file, please set the "Show Parameter Settings in Synthesis Report" option in "Analysis and Synthesis Settings -> More Settings" to "Off".


+----------------------------------------------------------------------------------------------------------+
; Parameter Settings for User Entity Instance: chenillard_pwm:chenillard_pwm_entity|single_pwm:\pwms:4:pwm ;
+-----------------+----------+-----------------------------------------------------------------------------+
; Parameter Name  ; Value    ; Type                                                                        ;
+-----------------+----------+-----------------------------------------------------------------------------+
; sys_clk         ; 50000000 ; Signed Integer                                                              ;
; pwm_freq        ; 50000    ; Signed Integer                                                              ;
; bits_resolution ; 8        ; Signed Integer                                                              ;
+-----------------+----------+-----------------------------------------------------------------------------+
Note: In order to hide this table in the UI and the text report file, please set the "Show Parameter Settings in Synthesis Report" option in "Analysis and Synthesis Settings -> More Settings" to "Off".


+----------------------------------------------------------------------------------------------------------+
; Parameter Settings for User Entity Instance: chenillard_pwm:chenillard_pwm_entity|single_pwm:\pwms:5:pwm ;
+-----------------+----------+-----------------------------------------------------------------------------+
; Parameter Name  ; Value    ; Type                                                                        ;
+-----------------+----------+-----------------------------------------------------------------------------+
; sys_clk         ; 50000000 ; Signed Integer                                                              ;
; pwm_freq        ; 50000    ; Signed Integer                                                              ;
; bits_resolution ; 8        ; Signed Integer                                                              ;
+-----------------+----------+-----------------------------------------------------------------------------+
Note: In order to hide this table in the UI and the text report file, please set the "Show Parameter Settings in Synthesis Report" option in "Analysis and Synthesis Settings -> More Settings" to "Off".


+----------------------------------------------------------------------------------------------------------+
; Parameter Settings for User Entity Instance: chenillard_pwm:chenillard_pwm_entity|single_pwm:\pwms:6:pwm ;
+-----------------+----------+-----------------------------------------------------------------------------+
; Parameter Name  ; Value    ; Type                                                                        ;
+-----------------+----------+-----------------------------------------------------------------------------+
; sys_clk         ; 50000000 ; Signed Integer                                                              ;
; pwm_freq        ; 50000    ; Signed Integer                                                              ;
; bits_resolution ; 8        ; Signed Integer                                                              ;
+-----------------+----------+-----------------------------------------------------------------------------+
Note: In order to hide this table in the UI and the text report file, please set the "Show Parameter Settings in Synthesis Report" option in "Analysis and Synthesis Settings -> More Settings" to "Off".


+----------------------------------------------------------------------------------------------------------+
; Parameter Settings for User Entity Instance: chenillard_pwm:chenillard_pwm_entity|single_pwm:\pwms:7:pwm ;
+-----------------+----------+-----------------------------------------------------------------------------+
; Parameter Name  ; Value    ; Type                                                                        ;
+-----------------+----------+-----------------------------------------------------------------------------+
; sys_clk         ; 50000000 ; Signed Integer                                                              ;
; pwm_freq        ; 50000    ; Signed Integer                                                              ;
; bits_resolution ; 8        ; Signed Integer                                                              ;
+-----------------+----------+-----------------------------------------------------------------------------+
Note: In order to hide this table in the UI and the text report file, please set the "Show Parameter Settings in Synthesis Report" option in "Analysis and Synthesis Settings -> More Settings" to "Off".


+----------------------------------------------------------------------------------------------------------+
; Parameter Settings for User Entity Instance: chenillard_pwm:chenillard_pwm_entity|single_pwm:\pwms:8:pwm ;
+-----------------+----------+-----------------------------------------------------------------------------+
; Parameter Name  ; Value    ; Type                                                                        ;
+-----------------+----------+-----------------------------------------------------------------------------+
; sys_clk         ; 50000000 ; Signed Integer                                                              ;
; pwm_freq        ; 50000    ; Signed Integer                                                              ;
; bits_resolution ; 8        ; Signed Integer                                                              ;
+-----------------+----------+-----------------------------------------------------------------------------+
Note: In order to hide this table in the UI and the text report file, please set the "Show Parameter Settings in Synthesis Report" option in "Analysis and Synthesis Settings -> More Settings" to "Off".


+----------------------------------------------------------------------------------------------------------+
; Parameter Settings for User Entity Instance: chenillard_pwm:chenillard_pwm_entity|single_pwm:\pwms:9:pwm ;
+-----------------+----------+-----------------------------------------------------------------------------+
; Parameter Name  ; Value    ; Type                                                                        ;
+-----------------+----------+-----------------------------------------------------------------------------+
; sys_clk         ; 50000000 ; Signed Integer                                                              ;
; pwm_freq        ; 50000    ; Signed Integer                                                              ;
; bits_resolution ; 8        ; Signed Integer                                                              ;
+-----------------+----------+-----------------------------------------------------------------------------+
Note: In order to hide this table in the UI and the text report file, please set the "Show Parameter Settings in Synthesis Report" option in "Analysis and Synthesis Settings -> More Settings" to "Off".


+-------------------------------------------------------------+
; Parameter Settings for User Entity Instance: adc:adc_entity ;
+--------------------------+--------+-------------------------+
; Parameter Name           ; Value  ; Type                    ;
+--------------------------+--------+-------------------------+
; nbits_cmd                ; 6      ; Signed Integer          ;
; nbits_read               ; 12     ; Signed Integer          ;
; clk_div                  ; 100    ; Signed Integer          ;
; convst_wait_cycles       ; 100    ; Signed Integer          ;
; convst_wait_after_cycles ; 100000 ; Signed Integer          ;
; wait_between_read_cycles ; 100000 ; Signed Integer          ;
; s_d                      ; '1'    ; Enumerated              ;
; o_s                      ; '1'    ; Enumerated              ;
; address                  ; 00     ; Unsigned Binary         ;
; uni                      ; '1'    ; Enumerated              ;
; slp                      ; '0'    ; Enumerated              ;
+--------------------------+--------+-------------------------+
Note: In order to hide this table in the UI and the text report file, please set the "Show Parameter Settings in Synthesis Report" option in "Analysis and Synthesis Settings -> More Settings" to "Off".


+-----------------------------------------------------------------------------------------------------------------+
; Port Connectivity Checks: "adc:adc_entity|quad_segment7:quad_segment7_1|segment7:MSB_segment7"                  ;
+-------+--------+----------+-------------------------------------------------------------------------------------+
; Port  ; Type   ; Severity ; Details                                                                             ;
+-------+--------+----------+-------------------------------------------------------------------------------------+
; input ; Input  ; Info     ; Stuck at GND                                                                        ;
; cout  ; Output ; Info     ; Connected to dangling logic. Logic that only feeds a dangling port will be removed. ;
+-------+--------+----------+-------------------------------------------------------------------------------------+


+-----------------------------------------------------------------------------------------------------------------+
; Port Connectivity Checks: "adc:adc_entity|quad_segment7:quad_segment7_1|segment7:third_segment7"                ;
+-------+--------+----------+-------------------------------------------------------------------------------------+
; Port  ; Type   ; Severity ; Details                                                                             ;
+-------+--------+----------+-------------------------------------------------------------------------------------+
; input ; Input  ; Info     ; Stuck at GND                                                                        ;
; cout  ; Output ; Info     ; Connected to dangling logic. Logic that only feeds a dangling port will be removed. ;
+-------+--------+----------+-------------------------------------------------------------------------------------+


+-----------------------------------------------------------------------------------------------------------------+
; Port Connectivity Checks: "adc:adc_entity|quad_segment7:quad_segment7_1|segment7:second_segment7"               ;
+-------+--------+----------+-------------------------------------------------------------------------------------+
; Port  ; Type   ; Severity ; Details                                                                             ;
+-------+--------+----------+-------------------------------------------------------------------------------------+
; input ; Input  ; Info     ; Stuck at GND                                                                        ;
; cout  ; Output ; Info     ; Connected to dangling logic. Logic that only feeds a dangling port will be removed. ;
+-------+--------+----------+-------------------------------------------------------------------------------------+


+-----------------------------------------------------------------------------------------------------------------+
; Port Connectivity Checks: "adc:adc_entity|quad_segment7:quad_segment7_1|segment7:LSB_segment7"                  ;
+-------+--------+----------+-------------------------------------------------------------------------------------+
; Port  ; Type   ; Severity ; Details                                                                             ;
+-------+--------+----------+-------------------------------------------------------------------------------------+
; input ; Input  ; Info     ; Stuck at GND                                                                        ;
; cout  ; Output ; Info     ; Connected to dangling logic. Logic that only feeds a dangling port will be removed. ;
+-------+--------+----------+-------------------------------------------------------------------------------------+


+--------------------------------------------------------------------------------------------------------------------------+
; Port Connectivity Checks: "adc:adc_entity|quad_segment7:quad_segment7_1"                                                 ;
+----------------+--------+----------+-------------------------------------------------------------------------------------+
; Port           ; Type   ; Severity ; Details                                                                             ;
+----------------+--------+----------+-------------------------------------------------------------------------------------+
; number[15..12] ; Input  ; Info     ; Stuck at GND                                                                        ;
; input          ; Input  ; Info     ; Stuck at GND                                                                        ;
; cout           ; Output ; Info     ; Connected to dangling logic. Logic that only feeds a dangling port will be removed. ;
+----------------+--------+----------+-------------------------------------------------------------------------------------+


+-----------------------------------------------------+
; Post-Synthesis Netlist Statistics for Top Partition ;
+-----------------------+-----------------------------+
; Type                  ; Count                       ;
+-----------------------+-----------------------------+
; arriav_ff             ; 616                         ;
;     CLR               ; 16                          ;
;     CLR SCLR          ; 10                          ;
;     ENA               ; 194                         ;
;     ENA CLR           ; 3                           ;
;     ENA SCLR          ; 314                         ;
;     SCLR              ; 64                          ;
;     plain             ; 15                          ;
; arriav_lcell_comb     ; 847                         ;
;     arith             ; 409                         ;
;         0 data inputs ; 11                          ;
;         1 data inputs ; 369                         ;
;         2 data inputs ; 29                          ;
;     normal            ; 428                         ;
;         1 data inputs ; 3                           ;
;         2 data inputs ; 12                          ;
;         3 data inputs ; 21                          ;
;         4 data inputs ; 197                         ;
;         5 data inputs ; 86                          ;
;         6 data inputs ; 109                         ;
;     shared            ; 10                          ;
;         2 data inputs ; 10                          ;
; arriav_mac            ; 12                          ;
; boundary_port         ; 53                          ;
;                       ;                             ;
; Max LUT depth         ; 7.00                        ;
; Average LUT depth     ; 3.72                        ;
+-----------------------+-----------------------------+


+-------------------------------+
; Elapsed Time Per Partition    ;
+----------------+--------------+
; Partition Name ; Elapsed Time ;
+----------------+--------------+
; Top            ; 00:00:04     ;
+----------------+--------------+


+-------------------------------+
; Analysis & Synthesis Messages ;
+-------------------------------+
Info: *******************************************************************
Info: Running Quartus II 64-Bit Analysis & Synthesis
    Info: Version 15.0.0 Build 145 04/22/2015 SJ Web Edition
    Info: Processing started: Tue Dec 15 13:58:00 2015
Info: Command: quartus_map --read_settings_files=on --write_settings_files=off chenillard_pwm_adc -c chenillard_pwm_adc
Warning (20028): Parallel compilation is not licensed and has been disabled
Info (12021): Found 2 design units, including 1 entities, in source file /users/daichi/hubic/eln/fpga/projects/single_pwm/single_pwm.vhd
    Info (12022): Found design unit 1: single_pwm-pwm_arch
    Info (12023): Found entity 1: single_pwm
Info (12021): Found 4 design units, including 1 entities, in source file /users/daichi/hubic/eln/fpga/projects/segment7/segment7.vhd
    Info (12022): Found design unit 1: segment7-digit_single
    Info (12022): Found design unit 2: segment7-add_counter_single
    Info (12022): Found design unit 3: segment7-sub_counter_single
    Info (12023): Found entity 1: segment7
Info (12021): Found 6 design units, including 1 entities, in source file /users/daichi/hubic/eln/fpga/projects/quad_segment7/quad_segment7.vhd
    Info (12022): Found design unit 1: quad_segment7-digit_quad
    Info (12022): Found design unit 2: quad_segment7-counter_quad
    Info (12022): Found design unit 3: digit_quad_cfg
    Info (12022): Found design unit 4: add_counter_quad_cfg
    Info (12022): Found design unit 5: sub_counter_quad_cfg
    Info (12023): Found entity 1: quad_segment7
Info (12021): Found 2 design units, including 1 entities, in source file /users/daichi/hubic/eln/fpga/projects/chenillard_pwm/chenillard_pwm.vhd
    Info (12022): Found design unit 1: chenillard_pwm-chenillard_arch
    Info (12023): Found entity 1: chenillard_pwm
Info (12021): Found 3 design units, including 1 entities, in source file /users/daichi/hubic/eln/fpga/projects/adc/adc.vhd
    Info (12022): Found design unit 1: adc-logic
    Info (12022): Found design unit 2: adc_quad_segment_cfg
    Info (12023): Found entity 1: adc
Info (12021): Found 3 design units, including 1 entities, in source file chenillard_pwm_adc.vhd
    Info (12022): Found design unit 1: chenillard_pwm_adc-chenillard_pwm_adc_arch
    Info (12022): Found design unit 2: chenillard_pwm_adc_cfg
    Info (12023): Found entity 1: chenillard_pwm_adc
Info (12127): Elaborating entity "chenillard_pwm_adc" for the top level hierarchy
Info (12128): Elaborating entity "chenillard_pwm" for hierarchy "chenillard_pwm:chenillard_pwm_entity"
Warning (10492): VHDL Process Statement warning at chenillard_pwm.vhd(49): signal "ena" is read inside the Process Statement but isn't in the Process Statement's sensitivity list
Info (12128): Elaborating entity "single_pwm" for hierarchy "chenillard_pwm:chenillard_pwm_entity|single_pwm:\pwms:0:pwm"
Info (12129): Elaborating entity "adc" using architecture "C:adc_quad_segment_cfg" for hierarchy "adc:adc_entity"
Info (12129): Elaborating entity "quad_segment7" using architecture "C:digit_quad_cfg" for hierarchy "adc:adc_entity|quad_segment7:quad_segment7_1"
Warning (10873): Using initial value X (don't care) for net "cout" at quad_segment7.vhd(10)
Info (12129): Elaborating entity "segment7" using architecture "A:digit_single" for hierarchy "adc:adc_entity|quad_segment7:quad_segment7_1|segment7:LSB_segment7"
Warning (10873): Using initial value X (don't care) for net "cout" at segment7.vhd(10)
Info (286030): Timing-Driven Synthesis is running
Info (16010): Generating hard_block partition "hard_block:auto_generated_inst"
    Info (16011): Adding 0 node(s), including 0 DDIO, 0 PLL, 0 transceiver and 0 LCELL
Info (21057): Implemented 1163 device resources after synthesis - the final resource count might be different
    Info (21058): Implemented 4 input pins
    Info (21059): Implemented 49 output pins
    Info (21061): Implemented 1098 logic cells
    Info (21062): Implemented 12 DSP elements
Info: Quartus II 64-Bit Analysis & Synthesis was successful. 0 errors, 4 warnings
    Info: Peak virtual memory: 793 megabytes
    Info: Processing ended: Tue Dec 15 13:58:15 2015
    Info: Elapsed time: 00:00:15
    Info: Total CPU time (on all processors): 00:00:28


