Analysis & Synthesis report for spi
Thu Dec 10 13:47:58 2015
Quartus II 64-Bit Version 15.0.0 Build 145 04/22/2015 SJ Web Edition


---------------------
; Table of Contents ;
---------------------
  1. Legal Notice
  2. Analysis & Synthesis Summary
  3. Analysis & Synthesis Settings
  4. Parallel Compilation
  5. Analysis & Synthesis Source Files Read
  6. Analysis & Synthesis Resource Usage Summary
  7. Analysis & Synthesis Resource Utilization by Entity
  8. State Machine - |spi|state
  9. User-Specified and Inferred Latches
 10. Registers Removed During Synthesis
 11. Removed Registers Triggering Further Register Optimizations
 12. General Register Statistics
 13. Inverted Register Statistics
 14. Multiplexer Restructuring Statistics (Restructuring Performed)
 15. Parameter Settings for User Entity Instance: spi_3_wire_master:st7735
 16. Port Connectivity Checks: "spi_3_wire_master:st7735"
 17. Post-Synthesis Netlist Statistics for Top Partition
 18. Elapsed Time Per Partition
 19. Analysis & Synthesis Messages



----------------
; Legal Notice ;
----------------
Copyright (C) 1991-2015 Altera Corporation. All rights reserved.
Your use of Altera Corporation's design tools, logic functions 
and other software and tools, and its AMPP partner logic 
functions, and any output files from any of the foregoing 
(including device programming or simulation files), and any 
associated documentation or information are expressly subject 
to the terms and conditions of the Altera Program License 
Subscription Agreement, the Altera Quartus II License Agreement,
the Altera MegaCore Function License Agreement, or other 
applicable license agreement, including, without limitation, 
that your use is for the sole purpose of programming logic 
devices manufactured by Altera and sold by Altera or its 
authorized distributors.  Please refer to the applicable 
agreement for further details.



+------------------------------------------------------------------------------+
; Analysis & Synthesis Summary                                                 ;
+---------------------------------+--------------------------------------------+
; Analysis & Synthesis Status     ; Successful - Thu Dec 10 13:47:58 2015      ;
; Quartus II 64-Bit Version       ; 15.0.0 Build 145 04/22/2015 SJ Web Edition ;
; Revision Name                   ; spi                                        ;
; Top-level Entity Name           ; spi                                        ;
; Family                          ; Cyclone V                                  ;
; Logic utilization (in ALMs)     ; N/A                                        ;
; Total registers                 ; 88                                         ;
; Total pins                      ; 17                                         ;
; Total virtual pins              ; 0                                          ;
; Total block memory bits         ; 0                                          ;
; Total DSP Blocks                ; 0                                          ;
; Total HSSI RX PCSs              ; 0                                          ;
; Total HSSI PMA RX Deserializers ; 0                                          ;
; Total HSSI TX PCSs              ; 0                                          ;
; Total HSSI PMA TX Serializers   ; 0                                          ;
; Total PLLs                      ; 0                                          ;
; Total DLLs                      ; 0                                          ;
+---------------------------------+--------------------------------------------+


+---------------------------------------------------------------------------------------------------------------------------+
; Analysis & Synthesis Settings                                                                                             ;
+---------------------------------------------------------------------------------+--------------------+--------------------+
; Option                                                                          ; Setting            ; Default Value      ;
+---------------------------------------------------------------------------------+--------------------+--------------------+
; Device                                                                          ; 5CGXFC5C6F27C7     ;                    ;
; Top-level entity name                                                           ; spi                ; spi                ;
; Family name                                                                     ; Cyclone V          ; Cyclone V          ;
; VHDL Show LMF Mapping Messages                                                  ; Off                ;                    ;
; VHDL Version                                                                    ; VHDL_2008          ; VHDL_1993          ;
; Use smart compilation                                                           ; Off                ; Off                ;
; Enable parallel Assembler and TimeQuest Timing Analyzer during compilation      ; On                 ; On                 ;
; Enable compact report table                                                     ; Off                ; Off                ;
; Restructure Multiplexers                                                        ; Auto               ; Auto               ;
; MLAB Add Timing Constraints For Mixed-Port Feed-Through Mode Setting Don't Care ; Off                ; Off                ;
; Create Debugging Nodes for IP Cores                                             ; Off                ; Off                ;
; Preserve fewer node names                                                       ; On                 ; On                 ;
; Disable OpenCore Plus hardware evaluation                                       ; Off                ; Off                ;
; Verilog Version                                                                 ; Verilog_2001       ; Verilog_2001       ;
; State Machine Processing                                                        ; Auto               ; Auto               ;
; Safe State Machine                                                              ; Off                ; Off                ;
; Extract Verilog State Machines                                                  ; On                 ; On                 ;
; Extract VHDL State Machines                                                     ; On                 ; On                 ;
; Ignore Verilog initial constructs                                               ; Off                ; Off                ;
; Iteration limit for constant Verilog loops                                      ; 5000               ; 5000               ;
; Iteration limit for non-constant Verilog loops                                  ; 250                ; 250                ;
; Add Pass-Through Logic to Inferred RAMs                                         ; On                 ; On                 ;
; Infer RAMs from Raw Logic                                                       ; On                 ; On                 ;
; Parallel Synthesis                                                              ; On                 ; On                 ;
; DSP Block Balancing                                                             ; Auto               ; Auto               ;
; NOT Gate Push-Back                                                              ; On                 ; On                 ;
; Power-Up Don't Care                                                             ; On                 ; On                 ;
; Remove Redundant Logic Cells                                                    ; Off                ; Off                ;
; Remove Duplicate Registers                                                      ; On                 ; On                 ;
; Ignore CARRY Buffers                                                            ; Off                ; Off                ;
; Ignore CASCADE Buffers                                                          ; Off                ; Off                ;
; Ignore GLOBAL Buffers                                                           ; Off                ; Off                ;
; Ignore ROW GLOBAL Buffers                                                       ; Off                ; Off                ;
; Ignore LCELL Buffers                                                            ; Off                ; Off                ;
; Ignore SOFT Buffers                                                             ; On                 ; On                 ;
; Limit AHDL Integers to 32 Bits                                                  ; Off                ; Off                ;
; Optimization Technique                                                          ; Balanced           ; Balanced           ;
; Carry Chain Length                                                              ; 70                 ; 70                 ;
; Auto Carry Chains                                                               ; On                 ; On                 ;
; Auto Open-Drain Pins                                                            ; On                 ; On                 ;
; Perform WYSIWYG Primitive Resynthesis                                           ; Off                ; Off                ;
; Auto ROM Replacement                                                            ; On                 ; On                 ;
; Auto RAM Replacement                                                            ; On                 ; On                 ;
; Auto DSP Block Replacement                                                      ; On                 ; On                 ;
; Auto Shift Register Replacement                                                 ; Auto               ; Auto               ;
; Allow Shift Register Merging across Hierarchies                                 ; Auto               ; Auto               ;
; Auto Clock Enable Replacement                                                   ; On                 ; On                 ;
; Strict RAM Replacement                                                          ; Off                ; Off                ;
; Allow Synchronous Control Signals                                               ; On                 ; On                 ;
; Force Use of Synchronous Clear Signals                                          ; Off                ; Off                ;
; Auto Resource Sharing                                                           ; Off                ; Off                ;
; Allow Any RAM Size For Recognition                                              ; Off                ; Off                ;
; Allow Any ROM Size For Recognition                                              ; Off                ; Off                ;
; Allow Any Shift Register Size For Recognition                                   ; Off                ; Off                ;
; Use LogicLock Constraints during Resource Balancing                             ; On                 ; On                 ;
; Ignore translate_off and synthesis_off directives                               ; Off                ; Off                ;
; Timing-Driven Synthesis                                                         ; On                 ; On                 ;
; Report Parameter Settings                                                       ; On                 ; On                 ;
; Report Source Assignments                                                       ; On                 ; On                 ;
; Report Connectivity Checks                                                      ; On                 ; On                 ;
; Ignore Maximum Fan-Out Assignments                                              ; Off                ; Off                ;
; Synchronization Register Chain Length                                           ; 3                  ; 3                  ;
; PowerPlay Power Optimization During Synthesis                                   ; Normal compilation ; Normal compilation ;
; HDL message level                                                               ; Level2             ; Level2             ;
; Suppress Register Optimization Related Messages                                 ; Off                ; Off                ;
; Number of Removed Registers Reported in Synthesis Report                        ; 5000               ; 5000               ;
; Number of Swept Nodes Reported in Synthesis Report                              ; 5000               ; 5000               ;
; Number of Inverted Registers Reported in Synthesis Report                       ; 100                ; 100                ;
; Clock MUX Protection                                                            ; On                 ; On                 ;
; Auto Gated Clock Conversion                                                     ; Off                ; Off                ;
; Block Design Naming                                                             ; Auto               ; Auto               ;
; SDC constraint protection                                                       ; Off                ; Off                ;
; Synthesis Effort                                                                ; Auto               ; Auto               ;
; Shift Register Replacement - Allow Asynchronous Clear Signal                    ; On                 ; On                 ;
; Pre-Mapping Resynthesis Optimization                                            ; Off                ; Off                ;
; Analysis & Synthesis Message Level                                              ; Medium             ; Medium             ;
; Disable Register Merging Across Hierarchies                                     ; Auto               ; Auto               ;
; Resource Aware Inference For Block RAM                                          ; On                 ; On                 ;
; Synthesis Seed                                                                  ; 1                  ; 1                  ;
; Automatic Parallel Synthesis                                                    ; On                 ; On                 ;
; Partial Reconfiguration Bitstream ID                                            ; Off                ; Off                ;
+---------------------------------------------------------------------------------+--------------------+--------------------+


Parallel compilation was disabled, but you have multiple processors available. Enable parallel compilation to reduce compilation time.
+-------------------------------------+
; Parallel Compilation                ;
+----------------------------+--------+
; Processors                 ; Number ;
+----------------------------+--------+
; Number detected on machine ; 8      ;
; Maximum allowed            ; 1      ;
+----------------------------+--------+


+----------------------------------------------------------------------------------------------------------------------------------------------------+
; Analysis & Synthesis Source Files Read                                                                                                             ;
+----------------------------------+-----------------+-----------------+-------------------------------------------------------------------+---------+
; File Name with User-Entered Path ; Used in Netlist ; File Type       ; File Name with Absolute Path                                      ; Library ;
+----------------------------------+-----------------+-----------------+-------------------------------------------------------------------+---------+
; spi_3_wire_master.vhd            ; yes             ; User VHDL File  ; C:/Users/Daichi/hubiC/ELN/FPGA/Projects/SPI/spi_3_wire_master.vhd ;         ;
; spi.vhd                          ; yes             ; User VHDL File  ; C:/Users/Daichi/hubiC/ELN/FPGA/Projects/SPI/spi.vhd               ;         ;
+----------------------------------+-----------------+-----------------+-------------------------------------------------------------------+---------+


+---------------------------------------------------------+
; Analysis & Synthesis Resource Usage Summary             ;
+---------------------------------------------+-----------+
; Resource                                    ; Usage     ;
+---------------------------------------------+-----------+
; Estimate of Logic utilization (ALMs needed) ; 87        ;
;                                             ;           ;
; Combinational ALUT usage for logic          ; 152       ;
;     -- 7 input functions                    ; 1         ;
;     -- 6 input functions                    ; 20        ;
;     -- 5 input functions                    ; 5         ;
;     -- 4 input functions                    ; 6         ;
;     -- <=3 input functions                  ; 120       ;
;                                             ;           ;
; Dedicated logic registers                   ; 88        ;
;                                             ;           ;
; I/O pins                                    ; 17        ;
;                                             ;           ;
; Total DSP Blocks                            ; 0         ;
;                                             ;           ;
; Maximum fan-out node                        ; clk~input ;
; Maximum fan-out                             ; 88        ;
; Total fan-out                               ; 772       ;
; Average fan-out                             ; 2.79      ;
+---------------------------------------------+-----------+


+------------------------------------------------------------------------------------------------------------------------------------------------------------------------+
; Analysis & Synthesis Resource Utilization by Entity                                                                                                                    ;
+-------------------------------+-------------------+--------------+-------------------+------------+------+--------------+-------------------------------+--------------+
; Compilation Hierarchy Node    ; LC Combinationals ; LC Registers ; Block Memory Bits ; DSP Blocks ; Pins ; Virtual Pins ; Full Hierarchy Name           ; Library Name ;
+-------------------------------+-------------------+--------------+-------------------+------------+------+--------------+-------------------------------+--------------+
; |spi                          ; 152 (51)          ; 88 (37)      ; 0                 ; 0          ; 17   ; 0            ; |spi                          ; work         ;
;    |spi_3_wire_master:st7735| ; 101 (101)         ; 51 (51)      ; 0                 ; 0          ; 0    ; 0            ; |spi|spi_3_wire_master:st7735 ; work         ;
+-------------------------------+-------------------+--------------+-------------------+------------+------+--------------+-------------------------------+--------------+
Note: For table entries with two numbers listed, the numbers in parentheses indicate the number of resources of the given type used by the specific entity alone. The numbers listed outside of parentheses indicate the total resources of the given type used by the specific entity and all of its sub-entities in the hierarchy.


Encoding Type:  One-Hot
+------------------------------------------------------------------------------------------------------------------------------------------------+
; State Machine - |spi|state                                                                                                                     ;
+-------------------------+-------------------------+-----------------------+----------------+----------------+------------------+---------------+
; Name                    ; state.wait_between_sent ; state.wait_while_busy ; state.read_spi ; state.send_spi ; state.wait_input ; state.initial ;
+-------------------------+-------------------------+-----------------------+----------------+----------------+------------------+---------------+
; state.initial           ; 0                       ; 0                     ; 0              ; 0              ; 0                ; 0             ;
; state.wait_input        ; 0                       ; 0                     ; 0              ; 0              ; 1                ; 1             ;
; state.send_spi          ; 0                       ; 0                     ; 0              ; 1              ; 0                ; 1             ;
; state.read_spi          ; 0                       ; 0                     ; 1              ; 0              ; 0                ; 1             ;
; state.wait_while_busy   ; 0                       ; 1                     ; 0              ; 0              ; 0                ; 1             ;
; state.wait_between_sent ; 1                       ; 0                     ; 0              ; 0              ; 0                ; 1             ;
+-------------------------+-------------------------+-----------------------+----------------+----------------+------------------+---------------+


+---------------------------------------------------------------------------------------------------+
; User-Specified and Inferred Latches                                                               ;
+----------------------------------------------------+---------------------+------------------------+
; Latch Name                                         ; Latch Enable Signal ; Free of Timing Hazards ;
+----------------------------------------------------+---------------------+------------------------+
; test$latch                                         ; WideOr3             ; yes                    ;
; enable                                             ; enable              ; yes                    ;
; spi_cmd[1]                                         ; WideOr5             ; yes                    ;
; Number of user-specified and inferred latches = 3  ;                     ;                        ;
+----------------------------------------------------+---------------------+------------------------+
Note: All latches listed above may not be present at the end of synthesis due to various synthesis optimizations.


+---------------------------------------------------------------------------------------------------+
; Registers Removed During Synthesis                                                                ;
+-----------------------------------------------+---------------------------------------------------+
; Register name                                 ; Reason for Removal                                ;
+-----------------------------------------------+---------------------------------------------------+
; address[0,1]                                  ; Stuck at GND due to stuck port data_in            ;
; spi_3_wire_master:st7735|slave[0]             ; Stuck at GND due to stuck port data_in            ;
; spi_3_wire_master:st7735|clk_ratio[0,2,4..30] ; Stuck at GND due to stuck port data_in            ;
; spi_3_wire_master:st7735|rw_buffer            ; Stuck at VCC due to stuck port data_in            ;
; spi_3_wire_master:st7735|last_bit_rx[0,1,3,4] ; Stuck at GND due to stuck port data_in            ;
; spi_3_wire_master:st7735|clk_ratio[3]         ; Merged with spi_3_wire_master:st7735|clk_ratio[1] ;
; spi_3_wire_master:st7735|last_bit_rx[2,5]     ; Merged with spi_3_wire_master:st7735|clk_ratio[1] ;
; spi_3_wire_master:st7735|cmd_buffer[0]        ; Stuck at GND due to stuck port data_in            ;
; spi_3_wire_master:st7735|d_buffer[0..11]      ; Stuck at GND due to stuck port data_in            ;
; state.read_spi                                ; Lost fanout                                       ;
; spi_3_wire_master:st7735|clk_ratio[31]        ; Merged with spi_3_wire_master:st7735|clk_ratio[1] ;
; Total Number of Removed Registers = 55        ;                                                   ;
+-----------------------------------------------+---------------------------------------------------+


+--------------------------------------------------------------------------------------------------------------------------------------------------+
; Removed Registers Triggering Further Register Optimizations                                                                                      ;
+----------------------------------------+---------------------------+-----------------------------------------------------------------------------+
; Register name                          ; Reason for Removal        ; Registers Removed due to This Register                                      ;
+----------------------------------------+---------------------------+-----------------------------------------------------------------------------+
; spi_3_wire_master:st7735|d_buffer[0]   ; Stuck at GND              ; spi_3_wire_master:st7735|d_buffer[1], spi_3_wire_master:st7735|d_buffer[2], ;
;                                        ; due to stuck port data_in ; spi_3_wire_master:st7735|d_buffer[3], spi_3_wire_master:st7735|d_buffer[4], ;
;                                        ;                           ; spi_3_wire_master:st7735|d_buffer[5], spi_3_wire_master:st7735|d_buffer[6], ;
;                                        ;                           ; spi_3_wire_master:st7735|d_buffer[7], spi_3_wire_master:st7735|d_buffer[8], ;
;                                        ;                           ; spi_3_wire_master:st7735|d_buffer[9], spi_3_wire_master:st7735|d_buffer[10] ;
; spi_3_wire_master:st7735|clk_ratio[30] ; Stuck at GND              ; spi_3_wire_master:st7735|d_buffer[11]                                       ;
;                                        ; due to stuck port data_in ;                                                                             ;
+----------------------------------------+---------------------------+-----------------------------------------------------------------------------+


+------------------------------------------------------+
; General Register Statistics                          ;
+----------------------------------------------+-------+
; Statistic                                    ; Value ;
+----------------------------------------------+-------+
; Total registers                              ; 88    ;
; Number of registers using Synchronous Clear  ; 37    ;
; Number of registers using Synchronous Load   ; 0     ;
; Number of registers using Asynchronous Clear ; 9     ;
; Number of registers using Asynchronous Load  ; 0     ;
; Number of registers using Clock Enable       ; 76    ;
; Number of registers using Preset             ; 0     ;
+----------------------------------------------+-------+


+--------------------------------------------------+
; Inverted Register Statistics                     ;
+----------------------------------------+---------+
; Inverted Register                      ; Fan out ;
+----------------------------------------+---------+
; spi_3_wire_master:st7735|ss_n[0]       ; 1       ;
; spi_3_wire_master:st7735|count[31]     ; 3       ;
; spi_3_wire_master:st7735|busy          ; 2       ;
; Total number of inverted registers = 3 ;         ;
+----------------------------------------+---------+


+------------------------------------------------------------------------------------------------------------------------------------------------------------+
; Multiplexer Restructuring Statistics (Restructuring Performed)                                                                                             ;
+--------------------+-----------+---------------+----------------------+------------------------+------------+----------------------------------------------+
; Multiplexer Inputs ; Bus Width ; Baseline Area ; Area if Restructured ; Saving if Restructured ; Registered ; Example Multiplexer Output                   ;
+--------------------+-----------+---------------+----------------------+------------------------+------------+----------------------------------------------+
; 4:1                ; 7 bits    ; 14 LEs        ; 7 LEs                ; 7 LEs                  ; Yes        ; |spi|spi_3_wire_master:st7735|clk_toggles[3] ;
; 4:1                ; 31 bits   ; 62 LEs        ; 62 LEs               ; 0 LEs                  ; Yes        ; |spi|spi_3_wire_master:st7735|count[0]       ;
; 5:1                ; 11 bits   ; 33 LEs        ; 0 LEs                ; 33 LEs                 ; Yes        ; |spi|spi_3_wire_master:st7735|d_buffer[11]   ;
; 5:1                ; 4 bits    ; 12 LEs        ; 4 LEs                ; 8 LEs                  ; Yes        ; |spi|spi_3_wire_master:st7735|cmd_buffer[5]  ;
+--------------------+-----------+---------------+----------------------+------------------------+------------+----------------------------------------------+


+-----------------------------------------------------------------------+
; Parameter Settings for User Entity Instance: spi_3_wire_master:st7735 ;
+----------------+-------+----------------------------------------------+
; Parameter Name ; Value ; Type                                         ;
+----------------+-------+----------------------------------------------+
; slaves         ; 1     ; Signed Integer                               ;
; cmd_width      ; 6     ; Signed Integer                               ;
; d_width        ; 12    ; Signed Integer                               ;
+----------------+-------+----------------------------------------------+
Note: In order to hide this table in the UI and the text report file, please set the "Show Parameter Settings in Synthesis Report" option in "Analysis and Synthesis Settings -> More Settings" to "Off".


+--------------------------------------------------------------------------------------------------------------------------+
; Port Connectivity Checks: "spi_3_wire_master:st7735"                                                                     ;
+----------------+--------+----------+-------------------------------------------------------------------------------------+
; Port           ; Type   ; Severity ; Details                                                                             ;
+----------------+--------+----------+-------------------------------------------------------------------------------------+
; cpol           ; Input  ; Info     ; Stuck at GND                                                                        ;
; cpha           ; Input  ; Info     ; Stuck at VCC                                                                        ;
; clk_div[31..4] ; Input  ; Info     ; Stuck at GND                                                                        ;
; clk_div[3]     ; Input  ; Info     ; Stuck at VCC                                                                        ;
; clk_div[2]     ; Input  ; Info     ; Stuck at GND                                                                        ;
; clk_div[1]     ; Input  ; Info     ; Stuck at VCC                                                                        ;
; clk_div[0]     ; Input  ; Info     ; Stuck at GND                                                                        ;
; addr           ; Input  ; Info     ; Stuck at GND                                                                        ;
; rw             ; Input  ; Info     ; Stuck at VCC                                                                        ;
; tx_cmd[5..4]   ; Input  ; Info     ; Stuck at GND                                                                        ;
; tx_cmd[0]      ; Input  ; Info     ; Stuck at GND                                                                        ;
; tx_data        ; Input  ; Info     ; Stuck at GND                                                                        ;
; ss_n           ; Output ; Info     ; Connected to dangling logic. Logic that only feeds a dangling port will be removed. ;
; rx_data        ; Output ; Info     ; Connected to dangling logic. Logic that only feeds a dangling port will be removed. ;
+----------------+--------+----------+-------------------------------------------------------------------------------------+


+-----------------------------------------------------+
; Post-Synthesis Netlist Statistics for Top Partition ;
+-----------------------+-----------------------------+
; Type                  ; Count                       ;
+-----------------------+-----------------------------+
; arriav_ff             ; 88                          ;
;     CLR               ; 8                           ;
;     ENA               ; 38                          ;
;     ENA CLR           ; 1                           ;
;     ENA SCLR          ; 37                          ;
;     plain             ; 4                           ;
; arriav_io_obuf        ; 3                           ;
; arriav_lcell_comb     ; 154                         ;
;     arith             ; 64                          ;
;         1 data inputs ; 64                          ;
;     extend            ; 1                           ;
;         7 data inputs ; 1                           ;
;     normal            ; 89                          ;
;         0 data inputs ; 1                           ;
;         1 data inputs ; 2                           ;
;         2 data inputs ; 27                          ;
;         3 data inputs ; 28                          ;
;         4 data inputs ; 6                           ;
;         5 data inputs ; 5                           ;
;         6 data inputs ; 20                          ;
; boundary_port         ; 17                          ;
;                       ;                             ;
; Max LUT depth         ; 5.10                        ;
; Average LUT depth     ; 3.26                        ;
+-----------------------+-----------------------------+


+-------------------------------+
; Elapsed Time Per Partition    ;
+----------------+--------------+
; Partition Name ; Elapsed Time ;
+----------------+--------------+
; Top            ; 00:00:00     ;
+----------------+--------------+


+-------------------------------+
; Analysis & Synthesis Messages ;
+-------------------------------+
Info: *******************************************************************
Info: Running Quartus II 64-Bit Analysis & Synthesis
    Info: Version 15.0.0 Build 145 04/22/2015 SJ Web Edition
    Info: Processing started: Thu Dec 10 13:47:46 2015
Info: Command: quartus_map --read_settings_files=on --write_settings_files=off spi -c spi
Warning (20028): Parallel compilation is not licensed and has been disabled
Info (12021): Found 2 design units, including 1 entities, in source file spi_3_wire_master.vhd
    Info (12022): Found design unit 1: spi_3_wire_master-logic
    Info (12023): Found entity 1: spi_3_wire_master
Info (12021): Found 2 design units, including 1 entities, in source file spi.vhd
    Info (12022): Found design unit 1: spi-logic
    Info (12023): Found entity 1: spi
Info (12127): Elaborating entity "spi" for the top level hierarchy
Warning (10541): VHDL Signal Declaration warning at spi.vhd(36): used implicit default value for signal "address_value" because signal was never assigned a value or an explicit default value. Use of implicit default value may introduce unintended design optimizations.
Warning (10036): Verilog HDL or VHDL warning at spi.vhd(40): object "ss_n" assigned a value but never read
Warning (10036): Verilog HDL or VHDL warning at spi.vhd(42): object "rx_data" assigned a value but never read
Warning (10540): VHDL Signal Declaration warning at spi.vhd(45): used explicit default value for signal "send_nread" because signal was never assigned a value
Warning (10540): VHDL Signal Declaration warning at spi.vhd(48): used explicit default value for signal "o_s" because signal was never assigned a value
Warning (10540): VHDL Signal Declaration warning at spi.vhd(50): used explicit default value for signal "uni" because signal was never assigned a value
Warning (10540): VHDL Signal Declaration warning at spi.vhd(51): used explicit default value for signal "slp" because signal was never assigned a value
Warning (10492): VHDL Process Statement warning at spi.vhd(91): signal "reset_n" is read inside the Process Statement but isn't in the Process Statement's sensitivity list
Warning (10492): VHDL Process Statement warning at spi.vhd(171): signal "slp" is read inside the Process Statement but isn't in the Process Statement's sensitivity list
Warning (10492): VHDL Process Statement warning at spi.vhd(172): signal "o_s" is read inside the Process Statement but isn't in the Process Statement's sensitivity list
Warning (10492): VHDL Process Statement warning at spi.vhd(173): signal "address" is read inside the Process Statement but isn't in the Process Statement's sensitivity list
Warning (10492): VHDL Process Statement warning at spi.vhd(174): signal "address" is read inside the Process Statement but isn't in the Process Statement's sensitivity list
Warning (10492): VHDL Process Statement warning at spi.vhd(175): signal "uni" is read inside the Process Statement but isn't in the Process Statement's sensitivity list
Warning (10492): VHDL Process Statement warning at spi.vhd(176): signal "slp" is read inside the Process Statement but isn't in the Process Statement's sensitivity list
Warning (10631): VHDL Process Statement warning at spi.vhd(140): inferring latch(es) for signal or variable "test", which holds its previous value in one or more paths through the process
Warning (10631): VHDL Process Statement warning at spi.vhd(140): inferring latch(es) for signal or variable "enable", which holds its previous value in one or more paths through the process
Warning (10631): VHDL Process Statement warning at spi.vhd(140): inferring latch(es) for signal or variable "spi_cmd", which holds its previous value in one or more paths through the process
Warning (10631): VHDL Process Statement warning at spi.vhd(140): inferring latch(es) for signal or variable "spi_data", which holds its previous value in one or more paths through the process
Warning (10631): VHDL Process Statement warning at spi.vhd(140): inferring latch(es) for signal or variable "cs", which holds its previous value in one or more paths through the process
Info (10041): Inferred latch for "cs" at spi.vhd(140)
Info (10041): Inferred latch for "spi_data[0]" at spi.vhd(140)
Info (10041): Inferred latch for "spi_data[1]" at spi.vhd(140)
Info (10041): Inferred latch for "spi_data[2]" at spi.vhd(140)
Info (10041): Inferred latch for "spi_data[3]" at spi.vhd(140)
Info (10041): Inferred latch for "spi_data[4]" at spi.vhd(140)
Info (10041): Inferred latch for "spi_data[5]" at spi.vhd(140)
Info (10041): Inferred latch for "spi_data[6]" at spi.vhd(140)
Info (10041): Inferred latch for "spi_data[7]" at spi.vhd(140)
Info (10041): Inferred latch for "spi_data[8]" at spi.vhd(140)
Info (10041): Inferred latch for "spi_data[9]" at spi.vhd(140)
Info (10041): Inferred latch for "spi_data[10]" at spi.vhd(140)
Info (10041): Inferred latch for "spi_data[11]" at spi.vhd(140)
Info (10041): Inferred latch for "spi_cmd[0]" at spi.vhd(140)
Info (10041): Inferred latch for "spi_cmd[1]" at spi.vhd(140)
Info (10041): Inferred latch for "spi_cmd[2]" at spi.vhd(140)
Info (10041): Inferred latch for "spi_cmd[3]" at spi.vhd(140)
Info (10041): Inferred latch for "spi_cmd[4]" at spi.vhd(140)
Info (10041): Inferred latch for "spi_cmd[5]" at spi.vhd(140)
Info (10041): Inferred latch for "enable" at spi.vhd(140)
Info (10041): Inferred latch for "test" at spi.vhd(140)
Warning (10665): Bidirectional port "sdio" at spi.vhd(14) has a one-way connection to bidirectional port "adc_sdo"
Warning (10665): Bidirectional port "sdio" at spi.vhd(14) has a one-way connection to bidirectional port "adc_sdot"
Warning (10665): Bidirectional port "adc_sdo" at spi.vhd(19) has a one-way connection to bidirectional port "adc_sdot"
Info (12128): Elaborating entity "spi_3_wire_master" for hierarchy "spi_3_wire_master:st7735"
Info (13060): One or more bidirectional pins are fed by always enabled tri-state buffers
    Info (13061): Fan-out of permanently enabled tri-state buffer feeding bidirectional pin "adc_sdo" is moved to its source
Warning (13009): TRI or OPNDRN buffers permanently enabled
    Warning (13010): Node "adc_sdo~synth"
    Warning (13010): Node "adc_sdot~synth"
Warning (13024): Output pins are stuck at VCC or GND
    Warning (13410): Pin "cs" is stuck at VCC
    Warning (13410): Pin "convst" is stuck at VCC
Info (286030): Timing-Driven Synthesis is running
Warning (14632): Output pin "adc_sdi" driven by bidirectional pin "sdio" cannot be tri-stated
Info (17049): 1 registers lost all their fanouts during netlist optimizations.
Info (16010): Generating hard_block partition "hard_block:auto_generated_inst"
    Info (16011): Adding 0 node(s), including 0 DDIO, 0 PLL, 0 transceiver and 0 LCELL
Info (21057): Implemented 170 device resources after synthesis - the final resource count might be different
    Info (21058): Implemented 3 input pins
    Info (21059): Implemented 11 output pins
    Info (21060): Implemented 3 bidirectional pins
    Info (21061): Implemented 153 logic cells
Info: Quartus II 64-Bit Analysis & Synthesis was successful. 0 errors, 30 warnings
    Info: Peak virtual memory: 783 megabytes
    Info: Processing ended: Thu Dec 10 13:47:58 2015
    Info: Elapsed time: 00:00:12
    Info: Total CPU time (on all processors): 00:00:28


