Flow report for counter8bit
Thu Dec 17 14:46:48 2015
Quartus II 64-Bit Version 15.0.0 Build 145 04/22/2015 SJ Web Edition


---------------------
; Table of Contents ;
---------------------
  1. Legal Notice
  2. Flow Summary
  3. Flow Settings
  4. Flow Non-Default Global Settings
  5. Flow Elapsed Time
  6. Flow OS Summary
  7. Flow Log
  8. Flow Messages
  9. Flow Suppressed Messages



----------------
; Legal Notice ;
----------------
Copyright (C) 1991-2015 Altera Corporation. All rights reserved.
Your use of Altera Corporation's design tools, logic functions 
and other software and tools, and its AMPP partner logic 
functions, and any output files from any of the foregoing 
(including device programming or simulation files), and any 
associated documentation or information are expressly subject 
to the terms and conditions of the Altera Program License 
Subscription Agreement, the Altera Quartus II License Agreement,
the Altera MegaCore Function License Agreement, or other 
applicable license agreement, including, without limitation, 
that your use is for the sole purpose of programming logic 
devices manufactured by Altera and sold by Altera or its 
authorized distributors.  Please refer to the applicable 
agreement for further details.



+---------------------------------------------------------------------------------+
; Flow Summary                                                                    ;
+------------------------------------+--------------------------------------------+
; Flow Status                        ; Successful - Thu Dec 17 14:46:48 2015      ;
; Quartus II 64-Bit Version          ; 15.0.0 Build 145 04/22/2015 SJ Web Edition ;
; Revision Name                      ; counter8bit                                ;
; Top-level Entity Name              ; counter8bit                                ;
; Family                             ; Cyclone IV E                               ;
; Device                             ; EP4CE22F17C6                               ;
; Timing Models                      ; Final                                      ;
; Total logic elements               ; 9 / 22,320 ( < 1 % )                       ;
;     Total combinational functions  ; 9 / 22,320 ( < 1 % )                       ;
;     Dedicated logic registers      ; 8 / 22,320 ( < 1 % )                       ;
; Total registers                    ; 8                                          ;
; Total pins                         ; 11 / 154 ( 7 % )                           ;
; Total virtual pins                 ; 0                                          ;
; Total memory bits                  ; 0 / 608,256 ( 0 % )                        ;
; Embedded Multiplier 9-bit elements ; 0 / 132 ( 0 % )                            ;
; Total PLLs                         ; 0 / 4 ( 0 % )                              ;
+------------------------------------+--------------------------------------------+


+-----------------------------------------+
; Flow Settings                           ;
+-------------------+---------------------+
; Option            ; Setting             ;
+-------------------+---------------------+
; Start date & time ; 12/10/2015 09:01:36 ;
; Main task         ; Compilation         ;
; Revision Name     ; counter8bit         ;
+-------------------+---------------------+


+----------------------------------------------------------------------------------------------------------------------------------+
; Flow Non-Default Global Settings                                                                                                 ;
+-------------------------------------+---------------------------------------+---------------+-------------+----------------------+
; Assignment Name                     ; Value                                 ; Default Value ; Entity Name ; Section Id           ;
+-------------------------------------+---------------------------------------+---------------+-------------+----------------------+
; COMPILER_SIGNATURE_ID               ; 242467513541643.144973449604024       ; --            ; --          ; --                   ;
; EDA_ENABLE_GLITCH_FILTERING         ; On                                    ; --            ; --          ; eda_simulation       ;
; EDA_INPUT_DATA_FORMAT               ; Edif                                  ; --            ; --          ; eda_design_synthesis ;
; EDA_MAP_ILLEGAL_CHARACTERS          ; On                                    ; --            ; --          ; eda_simulation       ;
; EDA_OUTPUT_DATA_FORMAT              ; Vhdl                                  ; --            ; --          ; eda_simulation       ;
; EDA_RUN_TOOL_AUTOMATICALLY          ; Off                                   ; --            ; --          ; eda_simulation       ;
; EDA_SIMULATION_TOOL                 ; ModelSim-Altera (VHDL)                ; <None>        ; --          ; --                   ;
; EDA_TIME_SCALE                      ; 1 ps                                  ; --            ; --          ; eda_simulation       ;
; MAX_CORE_JUNCTION_TEMP              ; 85                                    ; --            ; --          ; --                   ;
; MIN_CORE_JUNCTION_TEMP              ; 0                                     ; --            ; --          ; --                   ;
; PARTITION_COLOR                     ; 16764057                              ; --            ; --          ; Top                  ;
; PARTITION_FITTER_PRESERVATION_LEVEL ; PLACEMENT_AND_ROUTING                 ; --            ; --          ; Top                  ;
; PARTITION_NETLIST_TYPE              ; SOURCE                                ; --            ; --          ; Top                  ;
; POWER_BOARD_THERMAL_MODEL           ; None (CONSERVATIVE)                   ; --            ; --          ; --                   ;
; POWER_PRESET_COOLING_SOLUTION       ; 23 MM HEAT SINK WITH 200 LFPM AIRFLOW ; --            ; --          ; --                   ;
; PROJECT_OUTPUT_DIRECTORY            ; output_files                          ; --            ; --          ; --                   ;
+-------------------------------------+---------------------------------------+---------------+-------------+----------------------+


+-------------------------------------------------------------------------------------------------------------------------------+
; Flow Elapsed Time                                                                                                             ;
+---------------------------+--------------+-------------------------+---------------------+------------------------------------+
; Module Name               ; Elapsed Time ; Average Processors Used ; Peak Virtual Memory ; Total CPU Time (on all processors) ;
+---------------------------+--------------+-------------------------+---------------------+------------------------------------+
; Analysis & Synthesis      ; 00:00:12     ; 1.0                     ; 728 MB              ; 00:00:26                           ;
; Fitter                    ; 00:00:06     ; 1.0                     ; 1028 MB             ; 00:00:06                           ;
; Assembler                 ; 00:00:02     ; 1.0                     ; 620 MB              ; 00:00:01                           ;
; TimeQuest Timing Analyzer ; 00:00:02     ; 1.0                     ; 714 MB              ; 00:00:02                           ;
; EDA Netlist Writer        ; 00:00:01     ; 1.0                     ; 584 MB              ; 00:00:01                           ;
; EDA Netlist Writer        ; 00:00:00     ; 1.0                     ; 577 MB              ; 00:00:01                           ;
; EDA Netlist Writer        ; 00:00:01     ; 1.0                     ; 585 MB              ; 00:00:01                           ;
; EDA Netlist Writer        ; 00:00:01     ; 1.0                     ; 577 MB              ; 00:00:01                           ;
; EDA Netlist Writer        ; 00:00:01     ; 1.0                     ; 585 MB              ; 00:00:01                           ;
; EDA Netlist Writer        ; 00:00:00     ; 1.0                     ; 577 MB              ; 00:00:01                           ;
; EDA Netlist Writer        ; 00:00:00     ; 1.0                     ; 585 MB              ; 00:00:01                           ;
; EDA Netlist Writer        ; 00:00:01     ; 1.0                     ; 577 MB              ; 00:00:01                           ;
; EDA Netlist Writer        ; 00:00:01     ; 1.0                     ; 585 MB              ; 00:00:01                           ;
; EDA Netlist Writer        ; 00:00:00     ; 1.0                     ; 577 MB              ; 00:00:01                           ;
; EDA Netlist Writer        ; 00:00:00     ; 1.0                     ; 585 MB              ; 00:00:01                           ;
; EDA Netlist Writer        ; 00:00:00     ; 1.0                     ; 577 MB              ; 00:00:01                           ;
; EDA Netlist Writer        ; 00:00:01     ; 1.0                     ; 585 MB              ; 00:00:01                           ;
; EDA Netlist Writer        ; 00:00:00     ; 1.0                     ; 577 MB              ; 00:00:01                           ;
; EDA Netlist Writer        ; 00:00:01     ; 1.0                     ; 577 MB              ; 00:00:01                           ;
; EDA Netlist Writer        ; 00:00:01     ; 1.0                     ; 585 MB              ; 00:00:01                           ;
; EDA Netlist Writer        ; 00:00:00     ; 1.0                     ; 577 MB              ; 00:00:01                           ;
; EDA Netlist Writer        ; 00:00:01     ; 1.0                     ; 585 MB              ; 00:00:01                           ;
; EDA Netlist Writer        ; 00:00:00     ; 1.0                     ; 577 MB              ; 00:00:01                           ;
; EDA Netlist Writer        ; 00:00:01     ; 1.0                     ; 585 MB              ; 00:00:01                           ;
; EDA Netlist Writer        ; 00:00:01     ; 1.0                     ; 577 MB              ; 00:00:01                           ;
; EDA Netlist Writer        ; 00:00:01     ; 1.0                     ; 585 MB              ; 00:00:01                           ;
; EDA Netlist Writer        ; 00:00:01     ; 1.0                     ; 577 MB              ; 00:00:01                           ;
; EDA Netlist Writer        ; 00:00:01     ; 1.0                     ; 585 MB              ; 00:00:01                           ;
; EDA Netlist Writer        ; 00:00:01     ; 1.0                     ; 577 MB              ; 00:00:01                           ;
; EDA Netlist Writer        ; 00:00:01     ; 1.0                     ; 585 MB              ; 00:00:01                           ;
; EDA Netlist Writer        ; 00:00:01     ; 1.0                     ; 577 MB              ; 00:00:01                           ;
; EDA Netlist Writer        ; 00:00:01     ; 1.0                     ; 585 MB              ; 00:00:01                           ;
; EDA Netlist Writer        ; 00:00:01     ; 1.0                     ; 577 MB              ; 00:00:01                           ;
; EDA Netlist Writer        ; 00:00:01     ; 1.0                     ; 585 MB              ; 00:00:01                           ;
; EDA Netlist Writer        ; 00:00:00     ; 1.0                     ; 577 MB              ; 00:00:01                           ;
; EDA Netlist Writer        ; 00:00:01     ; 1.0                     ; 585 MB              ; 00:00:01                           ;
; EDA Netlist Writer        ; 00:00:00     ; 1.0                     ; 577 MB              ; 00:00:01                           ;
; EDA Netlist Writer        ; 00:00:00     ; 1.0                     ; 585 MB              ; 00:00:01                           ;
; EDA Netlist Writer        ; 00:00:00     ; 1.0                     ; 577 MB              ; 00:00:01                           ;
; EDA Netlist Writer        ; 00:00:00     ; 1.0                     ; 585 MB              ; 00:00:01                           ;
; EDA Netlist Writer        ; 00:00:00     ; 1.0                     ; 577 MB              ; 00:00:01                           ;
; EDA Netlist Writer        ; 00:00:01     ; 1.0                     ; 585 MB              ; 00:00:01                           ;
; EDA Netlist Writer        ; 00:00:00     ; 1.0                     ; 577 MB              ; 00:00:01                           ;
; EDA Netlist Writer        ; 00:00:01     ; 1.0                     ; 585 MB              ; 00:00:01                           ;
; EDA Netlist Writer        ; 00:00:02     ; 1.0                     ; 577 MB              ; 00:00:01                           ;
; EDA Netlist Writer        ; 00:00:01     ; 1.0                     ; 581 MB              ; 00:00:01                           ;
; Total                     ; 00:00:49     ; --                      ; --                  ; 00:01:17                           ;
+---------------------------+--------------+-------------------------+---------------------+------------------------------------+


+----------------------------------------------------------------------------------------+
; Flow OS Summary                                                                        ;
+---------------------------+------------------+-----------+------------+----------------+
; Module Name               ; Machine Hostname ; OS Name   ; OS Version ; Processor type ;
+---------------------------+------------------+-----------+------------+----------------+
; Analysis & Synthesis      ; ASUSG75          ; Windows 7 ; 6.2        ; x86_64         ;
; Fitter                    ; ASUSG75          ; Windows 7 ; 6.2        ; x86_64         ;
; Assembler                 ; ASUSG75          ; Windows 7 ; 6.2        ; x86_64         ;
; TimeQuest Timing Analyzer ; ASUSG75          ; Windows 7 ; 6.2        ; x86_64         ;
; EDA Netlist Writer        ; ASUSG75          ; Windows 7 ; 6.2        ; x86_64         ;
; EDA Netlist Writer        ; ASUSG75          ; Windows 7 ; 6.2        ; x86_64         ;
; EDA Netlist Writer        ; ASUSG75          ; Windows 7 ; 6.2        ; x86_64         ;
; EDA Netlist Writer        ; ASUSG75          ; Windows 7 ; 6.2        ; x86_64         ;
; EDA Netlist Writer        ; ASUSG75          ; Windows 7 ; 6.2        ; x86_64         ;
; EDA Netlist Writer        ; ASUSG75          ; Windows 7 ; 6.2        ; x86_64         ;
; EDA Netlist Writer        ; ASUSG75          ; Windows 7 ; 6.2        ; x86_64         ;
; EDA Netlist Writer        ; ASUSG75          ; Windows 7 ; 6.2        ; x86_64         ;
; EDA Netlist Writer        ; ASUSG75          ; Windows 7 ; 6.2        ; x86_64         ;
; EDA Netlist Writer        ; ASUSG75          ; Windows 7 ; 6.2        ; x86_64         ;
; EDA Netlist Writer        ; ASUSG75          ; Windows 7 ; 6.2        ; x86_64         ;
; EDA Netlist Writer        ; ASUSG75          ; Windows 7 ; 6.2        ; x86_64         ;
; EDA Netlist Writer        ; ASUSG75          ; Windows 7 ; 6.2        ; x86_64         ;
; EDA Netlist Writer        ; ASUSG75          ; Windows 7 ; 6.2        ; x86_64         ;
; EDA Netlist Writer        ; ASUSG75          ; Windows 7 ; 6.2        ; x86_64         ;
; EDA Netlist Writer        ; ASUSG75          ; Windows 7 ; 6.2        ; x86_64         ;
; EDA Netlist Writer        ; ASUSG75          ; Windows 7 ; 6.2        ; x86_64         ;
; EDA Netlist Writer        ; ASUSG75          ; Windows 7 ; 6.2        ; x86_64         ;
; EDA Netlist Writer        ; ASUSG75          ; Windows 7 ; 6.2        ; x86_64         ;
; EDA Netlist Writer        ; ASUSG75          ; Windows 7 ; 6.2        ; x86_64         ;
; EDA Netlist Writer        ; ASUSG75          ; Windows 7 ; 6.2        ; x86_64         ;
; EDA Netlist Writer        ; ASUSG75          ; Windows 7 ; 6.2        ; x86_64         ;
; EDA Netlist Writer        ; ASUSG75          ; Windows 7 ; 6.2        ; x86_64         ;
; EDA Netlist Writer        ; ASUSG75          ; Windows 7 ; 6.2        ; x86_64         ;
; EDA Netlist Writer        ; ASUSG75          ; Windows 7 ; 6.2        ; x86_64         ;
; EDA Netlist Writer        ; ASUSG75          ; Windows 7 ; 6.2        ; x86_64         ;
; EDA Netlist Writer        ; ASUSG75          ; Windows 7 ; 6.2        ; x86_64         ;
; EDA Netlist Writer        ; ASUSG75          ; Windows 7 ; 6.2        ; x86_64         ;
; EDA Netlist Writer        ; ASUSG75          ; Windows 7 ; 6.2        ; x86_64         ;
; EDA Netlist Writer        ; ASUSG75          ; Windows 7 ; 6.2        ; x86_64         ;
; EDA Netlist Writer        ; ASUSG75          ; Windows 7 ; 6.2        ; x86_64         ;
; EDA Netlist Writer        ; ASUSG75          ; Windows 7 ; 6.2        ; x86_64         ;
; EDA Netlist Writer        ; ASUSG75          ; Windows 7 ; 6.2        ; x86_64         ;
; EDA Netlist Writer        ; ASUSG75          ; Windows 7 ; 6.2        ; x86_64         ;
; EDA Netlist Writer        ; ASUSG75          ; Windows 7 ; 6.2        ; x86_64         ;
; EDA Netlist Writer        ; ASUSG75          ; Windows 7 ; 6.2        ; x86_64         ;
; EDA Netlist Writer        ; ASUSG75          ; Windows 7 ; 6.2        ; x86_64         ;
; EDA Netlist Writer        ; ASUSG75          ; Windows 7 ; 6.2        ; x86_64         ;
; EDA Netlist Writer        ; ASUSG75          ; Windows 7 ; 6.2        ; x86_64         ;
; EDA Netlist Writer        ; ASUSG75          ; Windows 7 ; 6.2        ; x86_64         ;
; EDA Netlist Writer        ; ASUSG75          ; Windows 7 ; 6.2        ; x86_64         ;
; EDA Netlist Writer        ; ASUSG75          ; Windows 7 ; 6.2        ; x86_64         ;
+---------------------------+------------------+-----------+------------+----------------+


------------
; Flow Log ;
------------
quartus_map --read_settings_files=on --write_settings_files=off counter8bit -c counter8bit
quartus_fit --read_settings_files=off --write_settings_files=off counter8bit -c counter8bit
quartus_asm --read_settings_files=off --write_settings_files=off counter8bit -c counter8bit
quartus_sta counter8bit -c counter8bit
quartus_eda --read_settings_files=off --write_settings_files=off counter8bit -c counter8bit
quartus_eda --gen_testbench --check_outputs=on --tool=modelsim_oem --format=verilog --write_settings_files=off counter8bit -c counter8bit --vector_source=C:/Users/Daichi/hubiC/ELN/FPGA/Projects/counter8bit/Waveform.vwf --testbench_file=C:/Users/Daichi/hubiC/ELN/FPGA/Projects/counter8bit/simulation/qsim/Waveform.vwf.vt
quartus_eda --write_settings_files=off --functional=off --flatten_buses=off --timescale=1ps --simulation=on --tool=modelsim_oem --format=verilog --output_directory=C:/Users/Daichi/hubiC/ELN/FPGA/Projects/counter8bit/simulation/qsim/ counter8bit -c counter8bit
quartus_eda --gen_testbench --check_outputs=on --tool=modelsim_oem --format=verilog --write_settings_files=off counter8bit -c counter8bit --vector_source=C:/Users/Daichi/hubiC/ELN/FPGA/Projects/counter8bit/Waveform.vwf --testbench_file=C:/Users/Daichi/hubiC/ELN/FPGA/Projects/counter8bit/simulation/qsim/Waveform.vwf.vt
quartus_eda --write_settings_files=off --functional=off --flatten_buses=off --timescale=1ps --simulation=on --tool=modelsim_oem --format=verilog --output_directory=C:/Users/Daichi/hubiC/ELN/FPGA/Projects/counter8bit/simulation/qsim/ counter8bit -c counter8bit
quartus_eda --gen_testbench --check_outputs=on --tool=modelsim_oem --format=verilog --write_settings_files=off counter8bit -c counter8bit --vector_source=C:/Users/Daichi/hubiC/ELN/FPGA/Projects/counter8bit/Waveform.vwf --testbench_file=C:/Users/Daichi/hubiC/ELN/FPGA/Projects/counter8bit/simulation/qsim/Waveform.vwf.vt
quartus_eda --write_settings_files=off --functional=off --flatten_buses=off --timescale=1ps --simulation=on --tool=modelsim_oem --format=verilog --output_directory=C:/Users/Daichi/hubiC/ELN/FPGA/Projects/counter8bit/simulation/qsim/ counter8bit -c counter8bit
quartus_eda --gen_testbench --check_outputs=on --tool=modelsim_oem --format=verilog --write_settings_files=off counter8bit -c counter8bit --vector_source=C:/Users/Daichi/hubiC/ELN/FPGA/Projects/counter8bit/Waveform.vwf --testbench_file=C:/Users/Daichi/hubiC/ELN/FPGA/Projects/counter8bit/simulation/qsim/Waveform.vwf.vt
quartus_eda --write_settings_files=off --functional=off --flatten_buses=off --timescale=1ps --simulation=on --tool=modelsim_oem --format=verilog --output_directory=C:/Users/Daichi/hubiC/ELN/FPGA/Projects/counter8bit/simulation/qsim/ counter8bit -c counter8bit
quartus_eda --gen_testbench --check_outputs=on --tool=modelsim_oem --format=verilog --write_settings_files=off counter8bit -c counter8bit --vector_source=C:/Users/Daichi/hubiC/ELN/FPGA/Projects/counter8bit/Waveform.vwf --testbench_file=C:/Users/Daichi/hubiC/ELN/FPGA/Projects/counter8bit/simulation/qsim/Waveform.vwf.vt
quartus_eda --write_settings_files=off --functional=off --flatten_buses=off --timescale=1ps --simulation=on --tool=modelsim_oem --format=verilog --output_directory=C:/Users/Daichi/hubiC/ELN/FPGA/Projects/counter8bit/simulation/qsim/ counter8bit -c counter8bit
quartus_eda --gen_testbench --check_outputs=on --tool=modelsim_oem --format=verilog --write_settings_files=off counter8bit -c counter8bit --vector_source=C:/Users/Daichi/hubiC/ELN/FPGA/Projects/counter8bit/Waveform.vwf --testbench_file=C:/Users/Daichi/hubiC/ELN/FPGA/Projects/counter8bit/simulation/qsim/Waveform.vwf.vt
quartus_eda --write_settings_files=off --functional=off --flatten_buses=off --timescale=1ps --simulation=on --tool=modelsim_oem --format=verilog --output_directory=C:/Users/Daichi/hubiC/ELN/FPGA/Projects/counter8bit/simulation/qsim/ counter8bit -c counter8bit
quartus_eda --gen_testbench --check_outputs=on --tool=modelsim_oem --format=verilog --write_settings_files=off counter8bit -c counter8bit --vector_source=C:/Users/Daichi/hubiC/ELN/FPGA/Projects/counter8bit/Waveform.vwf --testbench_file=C:/Users/Daichi/hubiC/ELN/FPGA/Projects/counter8bit/simulation/qsim/Waveform.vwf.vt
quartus_eda --gen_testbench --check_outputs=on --tool=modelsim_oem --format=verilog --write_settings_files=off counter8bit -c counter8bit --vector_source=C:/Users/Daichi/hubiC/ELN/FPGA/Projects/counter8bit/Waveform.vwf --testbench_file=C:/Users/Daichi/hubiC/ELN/FPGA/Projects/counter8bit/simulation/qsim/Waveform.vwf.vt
quartus_eda --write_settings_files=off --functional=off --flatten_buses=off --timescale=1ps --simulation=on --tool=modelsim_oem --format=verilog --output_directory=C:/Users/Daichi/hubiC/ELN/FPGA/Projects/counter8bit/simulation/qsim/ counter8bit -c counter8bit
quartus_eda --gen_testbench --check_outputs=on --tool=modelsim_oem --format=verilog --write_settings_files=off counter8bit -c counter8bit --vector_source=C:/Users/Daichi/hubiC/ELN/FPGA/Projects/counter8bit/Waveform.vwf --testbench_file=C:/Users/Daichi/hubiC/ELN/FPGA/Projects/counter8bit/simulation/qsim/Waveform.vwf.vt
quartus_eda --write_settings_files=off --functional=off --flatten_buses=off --timescale=1ps --simulation=on --tool=modelsim_oem --format=verilog --output_directory=C:/Users/Daichi/hubiC/ELN/FPGA/Projects/counter8bit/simulation/qsim/ counter8bit -c counter8bit
quartus_eda --gen_testbench --check_outputs=on --tool=modelsim_oem --format=verilog --write_settings_files=off counter8bit -c counter8bit --vector_source=C:/Users/Daichi/hubiC/ELN/FPGA/Projects/counter8bit/Waveform.vwf --testbench_file=C:/Users/Daichi/hubiC/ELN/FPGA/Projects/counter8bit/simulation/qsim/Waveform.vwf.vt
quartus_eda --write_settings_files=off --functional=off --flatten_buses=off --timescale=1ps --simulation=on --tool=modelsim_oem --format=verilog --output_directory=C:/Users/Daichi/hubiC/ELN/FPGA/Projects/counter8bit/simulation/qsim/ counter8bit -c counter8bit
quartus_eda --gen_testbench --check_outputs=on --tool=modelsim_oem --format=verilog --write_settings_files=off counter8bit -c counter8bit --vector_source=C:/Users/Daichi/hubiC/ELN/FPGA/Projects/counter8bit/Waveform.vwf --testbench_file=C:/Users/Daichi/hubiC/ELN/FPGA/Projects/counter8bit/simulation/qsim/Waveform.vwf.vt
quartus_eda --write_settings_files=off --functional=off --flatten_buses=off --timescale=1ps --simulation=on --tool=modelsim_oem --format=verilog --output_directory=C:/Users/Daichi/hubiC/ELN/FPGA/Projects/counter8bit/simulation/qsim/ counter8bit -c counter8bit
quartus_eda --gen_testbench --check_outputs=on --tool=modelsim_oem --format=verilog --write_settings_files=off counter8bit -c counter8bit --vector_source=C:/Users/Daichi/hubiC/ELN/FPGA/Projects/counter8bit/Waveform.vwf --testbench_file=C:/Users/Daichi/hubiC/ELN/FPGA/Projects/counter8bit/simulation/qsim/Waveform.vwf.vt
quartus_eda --write_settings_files=off --functional=off --flatten_buses=off --timescale=1ps --simulation=on --tool=modelsim_oem --format=verilog --output_directory=C:/Users/Daichi/hubiC/ELN/FPGA/Projects/counter8bit/simulation/qsim/ counter8bit -c counter8bit
quartus_eda --gen_testbench --check_outputs=on --tool=modelsim_oem --format=verilog --write_settings_files=off counter8bit -c counter8bit --vector_source=C:/Users/Daichi/hubiC/ELN/FPGA/Projects/counter8bit/Waveform.vwf --testbench_file=C:/Users/Daichi/hubiC/ELN/FPGA/Projects/counter8bit/simulation/qsim/Waveform.vwf.vt
quartus_eda --write_settings_files=off --functional=off --flatten_buses=off --timescale=1ps --simulation=on --tool=modelsim_oem --format=verilog --output_directory=C:/Users/Daichi/hubiC/ELN/FPGA/Projects/counter8bit/simulation/qsim/ counter8bit -c counter8bit
quartus_eda --gen_testbench --check_outputs=on --tool=modelsim_oem --format=verilog --write_settings_files=off counter8bit -c counter8bit --vector_source=C:/Users/Daichi/hubiC/ELN/FPGA/Projects/counter8bit/Waveform.vwf --testbench_file=C:/Users/Daichi/hubiC/ELN/FPGA/Projects/counter8bit/simulation/qsim/Waveform.vwf.vt
quartus_eda --write_settings_files=off --functional=off --flatten_buses=off --timescale=1ps --simulation=on --tool=modelsim_oem --format=verilog --output_directory=C:/Users/Daichi/hubiC/ELN/FPGA/Projects/counter8bit/simulation/qsim/ counter8bit -c counter8bit
quartus_eda --gen_testbench --check_outputs=on --tool=modelsim_oem --format=verilog --write_settings_files=off counter8bit -c counter8bit --vector_source=C:/Users/Daichi/hubiC/ELN/FPGA/Projects/counter8bit/Waveform.vwf --testbench_file=C:/Users/Daichi/hubiC/ELN/FPGA/Projects/counter8bit/simulation/qsim/Waveform.vwf.vt
quartus_eda --write_settings_files=off --functional=off --flatten_buses=off --timescale=1ps --simulation=on --tool=modelsim_oem --format=verilog --output_directory=C:/Users/Daichi/hubiC/ELN/FPGA/Projects/counter8bit/simulation/qsim/ counter8bit -c counter8bit
quartus_eda --gen_testbench --check_outputs=on --tool=modelsim_oem --format=verilog --write_settings_files=off counter8bit -c counter8bit --vector_source=C:/Users/Daichi/hubiC/ELN/FPGA/Projects/counter8bit/Waveform.vwf --testbench_file=C:/Users/Daichi/hubiC/ELN/FPGA/Projects/counter8bit/simulation/qsim/Waveform.vwf.vt
quartus_eda --write_settings_files=off --functional=off --flatten_buses=off --timescale=1ps --simulation=on --tool=modelsim_oem --format=verilog --output_directory=C:/Users/Daichi/hubiC/ELN/FPGA/Projects/counter8bit/simulation/qsim/ counter8bit -c counter8bit
quartus_eda --gen_testbench --check_outputs=on --tool=modelsim_oem --format=verilog --write_settings_files=off counter8bit -c counter8bit --vector_source=C:/Users/Daichi/hubiC/ELN/FPGA/Projects/counter8bit/Waveform.vwf --testbench_file=C:/Users/Daichi/hubiC/ELN/FPGA/Projects/counter8bit/simulation/qsim/Waveform.vwf.vt
quartus_eda --write_settings_files=off --functional=off --flatten_buses=off --timescale=1ps --simulation=on --tool=modelsim_oem --format=verilog --output_directory=C:/Users/Daichi/hubiC/ELN/FPGA/Projects/counter8bit/simulation/qsim/ counter8bit -c counter8bit
quartus_eda --gen_testbench --check_outputs=on --tool=modelsim_oem --format=verilog --write_settings_files=off counter8bit -c counter8bit --vector_source=C:/Users/Daichi/hubiC/ELN/FPGA/Projects/counter8bit/Waveform.vwf --testbench_file=C:/Users/Daichi/hubiC/ELN/FPGA/Projects/counter8bit/simulation/qsim/Waveform.vwf.vt
quartus_eda --write_settings_files=off --functional=off --flatten_buses=off --timescale=1ps --simulation=on --tool=modelsim_oem --format=verilog --output_directory=C:/Users/Daichi/hubiC/ELN/FPGA/Projects/counter8bit/simulation/qsim/ counter8bit -c counter8bit
quartus_eda --gen_testbench --check_outputs=on --tool=modelsim_oem --format=verilog --write_settings_files=off counter8bit -c counter8bit --vector_source=C:/Users/Daichi/hubiC/ELN/FPGA/Projects/counter8bit/Waveform.vwf --testbench_file=C:/Users/Daichi/hubiC/ELN/FPGA/Projects/counter8bit/simulation/qsim/Waveform.vwf.vt
quartus_eda --write_settings_files=off --functional=off --flatten_buses=off --timescale=1ps --simulation=on --tool=modelsim_oem --format=verilog --output_directory=C:/Users/Daichi/hubiC/ELN/FPGA/Projects/counter8bit/simulation/qsim/ counter8bit -c counter8bit
quartus_eda --gen_testbench --check_outputs=on --tool=modelsim_oem --format=verilog --write_settings_files=off counter8bit -c counter8bit --vector_source=C:/Users/Daichi/hubiC/ELN/FPGA/Projects/counter8bit/Waveform.vwf --testbench_file=C:/Users/Daichi/hubiC/ELN/FPGA/Projects/counter8bit/simulation/qsim/Waveform.vwf.vt
quartus_eda --write_settings_files=off --functional=off --flatten_buses=off --timescale=1ps --simulation=on --tool=modelsim_oem --format=verilog --output_directory=C:/Users/Daichi/hubiC/ELN/FPGA/Projects/counter8bit/simulation/qsim/ counter8bit -c counter8bit
quartus_eda --gen_testbench --check_outputs=on --tool=modelsim_oem --format=verilog --write_settings_files=off counter8bit -c counter8bit --vector_source=C:/Users/Daichi/hubiC/ELN/FPGA/Projects/counter8bit/Waveform.vwf --testbench_file=C:/Users/Daichi/hubiC/ELN/FPGA/Projects/counter8bit/simulation/qsim/Waveform.vwf.vt
quartus_eda --write_settings_files=off --functional=on --flatten_buses=off --simulation=on --tool=modelsim_oem --format=verilog --output_directory=C:/Users/Daichi/hubiC/ELN/FPGA/Projects/counter8bit/simulation/qsim/ counter8bit -c counter8bit



