Analysis & Synthesis report for chenillard_pwm
Tue Dec 15 13:07:05 2015
Quartus II 64-Bit Version 15.0.0 Build 145 04/22/2015 SJ Web Edition


---------------------
; Table of Contents ;
---------------------
  1. Legal Notice
  2. Analysis & Synthesis Summary
  3. Analysis & Synthesis Settings
  4. Parallel Compilation
  5. Analysis & Synthesis Source Files Read
  6. Analysis & Synthesis Resource Usage Summary
  7. Analysis & Synthesis Resource Utilization by Entity
  8. Analysis & Synthesis DSP Block Usage Summary
  9. State Machine - |chenillard_pwm|state
 10. Registers Removed During Synthesis
 11. General Register Statistics
 12. Parameter Settings for User Entity Instance: single_pwm:\pwms:0:pwm
 13. Parameter Settings for User Entity Instance: single_pwm:\pwms:1:pwm
 14. Parameter Settings for User Entity Instance: single_pwm:\pwms:2:pwm
 15. Parameter Settings for User Entity Instance: single_pwm:\pwms:3:pwm
 16. Parameter Settings for User Entity Instance: single_pwm:\pwms:4:pwm
 17. Parameter Settings for User Entity Instance: single_pwm:\pwms:5:pwm
 18. Parameter Settings for User Entity Instance: single_pwm:\pwms:6:pwm
 19. Parameter Settings for User Entity Instance: single_pwm:\pwms:7:pwm
 20. Parameter Settings for User Entity Instance: single_pwm:\pwms:8:pwm
 21. Parameter Settings for User Entity Instance: single_pwm:\pwms:9:pwm
 22. Post-Synthesis Netlist Statistics for Top Partition
 23. Elapsed Time Per Partition
 24. Analysis & Synthesis Messages



----------------
; Legal Notice ;
----------------
Copyright (C) 1991-2015 Altera Corporation. All rights reserved.
Your use of Altera Corporation's design tools, logic functions 
and other software and tools, and its AMPP partner logic 
functions, and any output files from any of the foregoing 
(including device programming or simulation files), and any 
associated documentation or information are expressly subject 
to the terms and conditions of the Altera Program License 
Subscription Agreement, the Altera Quartus II License Agreement,
the Altera MegaCore Function License Agreement, or other 
applicable license agreement, including, without limitation, 
that your use is for the sole purpose of programming logic 
devices manufactured by Altera and sold by Altera or its 
authorized distributors.  Please refer to the applicable 
agreement for further details.



+------------------------------------------------------------------------------+
; Analysis & Synthesis Summary                                                 ;
+---------------------------------+--------------------------------------------+
; Analysis & Synthesis Status     ; Successful - Tue Dec 15 13:07:05 2015      ;
; Quartus II 64-Bit Version       ; 15.0.0 Build 145 04/22/2015 SJ Web Edition ;
; Revision Name                   ; chenillard_pwm                             ;
; Top-level Entity Name           ; chenillard_pwm                             ;
; Family                          ; Cyclone V                                  ;
; Logic utilization (in ALMs)     ; N/A                                        ;
; Total registers                 ; 358                                        ;
; Total pins                      ; 25                                         ;
; Total virtual pins              ; 0                                          ;
; Total block memory bits         ; 0                                          ;
; Total DSP Blocks                ; 12                                         ;
; Total HSSI RX PCSs              ; 0                                          ;
; Total HSSI PMA RX Deserializers ; 0                                          ;
; Total HSSI TX PCSs              ; 0                                          ;
; Total HSSI PMA TX Serializers   ; 0                                          ;
; Total PLLs                      ; 0                                          ;
; Total DLLs                      ; 0                                          ;
+---------------------------------+--------------------------------------------+


+---------------------------------------------------------------------------------------------------------------------------+
; Analysis & Synthesis Settings                                                                                             ;
+---------------------------------------------------------------------------------+--------------------+--------------------+
; Option                                                                          ; Setting            ; Default Value      ;
+---------------------------------------------------------------------------------+--------------------+--------------------+
; Device                                                                          ; 5CGXFC5C6F27C7     ;                    ;
; Top-level entity name                                                           ; chenillard_pwm     ; chenillard_pwm     ;
; Family name                                                                     ; Cyclone V          ; Cyclone V          ;
; VHDL Show LMF Mapping Messages                                                  ; Off                ;                    ;
; VHDL Version                                                                    ; VHDL_2008          ; VHDL_1993          ;
; Use smart compilation                                                           ; Off                ; Off                ;
; Enable parallel Assembler and TimeQuest Timing Analyzer during compilation      ; On                 ; On                 ;
; Enable compact report table                                                     ; Off                ; Off                ;
; Restructure Multiplexers                                                        ; Auto               ; Auto               ;
; MLAB Add Timing Constraints For Mixed-Port Feed-Through Mode Setting Don't Care ; Off                ; Off                ;
; Create Debugging Nodes for IP Cores                                             ; Off                ; Off                ;
; Preserve fewer node names                                                       ; On                 ; On                 ;
; Disable OpenCore Plus hardware evaluation                                       ; Off                ; Off                ;
; Verilog Version                                                                 ; Verilog_2001       ; Verilog_2001       ;
; State Machine Processing                                                        ; Auto               ; Auto               ;
; Safe State Machine                                                              ; Off                ; Off                ;
; Extract Verilog State Machines                                                  ; On                 ; On                 ;
; Extract VHDL State Machines                                                     ; On                 ; On                 ;
; Ignore Verilog initial constructs                                               ; Off                ; Off                ;
; Iteration limit for constant Verilog loops                                      ; 5000               ; 5000               ;
; Iteration limit for non-constant Verilog loops                                  ; 250                ; 250                ;
; Add Pass-Through Logic to Inferred RAMs                                         ; On                 ; On                 ;
; Infer RAMs from Raw Logic                                                       ; On                 ; On                 ;
; Parallel Synthesis                                                              ; On                 ; On                 ;
; DSP Block Balancing                                                             ; Auto               ; Auto               ;
; NOT Gate Push-Back                                                              ; On                 ; On                 ;
; Power-Up Don't Care                                                             ; On                 ; On                 ;
; Remove Redundant Logic Cells                                                    ; Off                ; Off                ;
; Remove Duplicate Registers                                                      ; On                 ; On                 ;
; Ignore CARRY Buffers                                                            ; Off                ; Off                ;
; Ignore CASCADE Buffers                                                          ; Off                ; Off                ;
; Ignore GLOBAL Buffers                                                           ; Off                ; Off                ;
; Ignore ROW GLOBAL Buffers                                                       ; Off                ; Off                ;
; Ignore LCELL Buffers                                                            ; Off                ; Off                ;
; Ignore SOFT Buffers                                                             ; On                 ; On                 ;
; Limit AHDL Integers to 32 Bits                                                  ; Off                ; Off                ;
; Optimization Technique                                                          ; Balanced           ; Balanced           ;
; Carry Chain Length                                                              ; 70                 ; 70                 ;
; Auto Carry Chains                                                               ; On                 ; On                 ;
; Auto Open-Drain Pins                                                            ; On                 ; On                 ;
; Perform WYSIWYG Primitive Resynthesis                                           ; Off                ; Off                ;
; Auto ROM Replacement                                                            ; On                 ; On                 ;
; Auto RAM Replacement                                                            ; On                 ; On                 ;
; Auto DSP Block Replacement                                                      ; On                 ; On                 ;
; Auto Shift Register Replacement                                                 ; Auto               ; Auto               ;
; Allow Shift Register Merging across Hierarchies                                 ; Auto               ; Auto               ;
; Auto Clock Enable Replacement                                                   ; On                 ; On                 ;
; Strict RAM Replacement                                                          ; Off                ; Off                ;
; Allow Synchronous Control Signals                                               ; On                 ; On                 ;
; Force Use of Synchronous Clear Signals                                          ; Off                ; Off                ;
; Auto Resource Sharing                                                           ; Off                ; Off                ;
; Allow Any RAM Size For Recognition                                              ; Off                ; Off                ;
; Allow Any ROM Size For Recognition                                              ; Off                ; Off                ;
; Allow Any Shift Register Size For Recognition                                   ; Off                ; Off                ;
; Use LogicLock Constraints during Resource Balancing                             ; On                 ; On                 ;
; Ignore translate_off and synthesis_off directives                               ; Off                ; Off                ;
; Timing-Driven Synthesis                                                         ; On                 ; On                 ;
; Report Parameter Settings                                                       ; On                 ; On                 ;
; Report Source Assignments                                                       ; On                 ; On                 ;
; Report Connectivity Checks                                                      ; On                 ; On                 ;
; Ignore Maximum Fan-Out Assignments                                              ; Off                ; Off                ;
; Synchronization Register Chain Length                                           ; 3                  ; 3                  ;
; PowerPlay Power Optimization During Synthesis                                   ; Normal compilation ; Normal compilation ;
; HDL message level                                                               ; Level2             ; Level2             ;
; Suppress Register Optimization Related Messages                                 ; Off                ; Off                ;
; Number of Removed Registers Reported in Synthesis Report                        ; 5000               ; 5000               ;
; Number of Swept Nodes Reported in Synthesis Report                              ; 5000               ; 5000               ;
; Number of Inverted Registers Reported in Synthesis Report                       ; 100                ; 100                ;
; Clock MUX Protection                                                            ; On                 ; On                 ;
; Auto Gated Clock Conversion                                                     ; Off                ; Off                ;
; Block Design Naming                                                             ; Auto               ; Auto               ;
; SDC constraint protection                                                       ; Off                ; Off                ;
; Synthesis Effort                                                                ; Auto               ; Auto               ;
; Shift Register Replacement - Allow Asynchronous Clear Signal                    ; On                 ; On                 ;
; Pre-Mapping Resynthesis Optimization                                            ; Off                ; Off                ;
; Analysis & Synthesis Message Level                                              ; Medium             ; Medium             ;
; Disable Register Merging Across Hierarchies                                     ; Auto               ; Auto               ;
; Resource Aware Inference For Block RAM                                          ; On                 ; On                 ;
; Synthesis Seed                                                                  ; 1                  ; 1                  ;
; Automatic Parallel Synthesis                                                    ; On                 ; On                 ;
; Partial Reconfiguration Bitstream ID                                            ; Off                ; Off                ;
+---------------------------------------------------------------------------------+--------------------+--------------------+


Parallel compilation was disabled, but you have multiple processors available. Enable parallel compilation to reduce compilation time.
+-------------------------------------+
; Parallel Compilation                ;
+----------------------------+--------+
; Processors                 ; Number ;
+----------------------------+--------+
; Number detected on machine ; 8      ;
; Maximum allowed            ; 1      ;
+----------------------------+--------+


+------------------------------------------------------------------------------------------------------------------------------------------------------------+
; Analysis & Synthesis Source Files Read                                                                                                                     ;
+----------------------------------+-----------------+-----------------+---------------------------------------------------------------------------+---------+
; File Name with User-Entered Path ; Used in Netlist ; File Type       ; File Name with Absolute Path                                              ; Library ;
+----------------------------------+-----------------+-----------------+---------------------------------------------------------------------------+---------+
; ../single_pwm/single_pwm.vhd     ; yes             ; User VHDL File  ; C:/Users/Daichi/hubiC/ELN/FPGA/Projects/single_pwm/single_pwm.vhd         ;         ;
; chenillard_pwm.vhd               ; yes             ; User VHDL File  ; C:/Users/Daichi/hubiC/ELN/FPGA/Projects/chenillard_pwm/chenillard_pwm.vhd ;         ;
+----------------------------------+-----------------+-----------------+---------------------------------------------------------------------------+---------+


+---------------------------------------------------------+
; Analysis & Synthesis Resource Usage Summary             ;
+---------------------------------------------+-----------+
; Resource                                    ; Usage     ;
+---------------------------------------------+-----------+
; Estimate of Logic utilization (ALMs needed) ; 284       ;
;                                             ;           ;
; Combinational ALUT usage for logic          ; 443       ;
;     -- 7 input functions                    ; 0         ;
;     -- 6 input functions                    ; 87        ;
;     -- 5 input functions                    ; 47        ;
;     -- 4 input functions                    ; 83        ;
;     -- <=3 input functions                  ; 226       ;
;                                             ;           ;
; Dedicated logic registers                   ; 358       ;
;                                             ;           ;
; I/O pins                                    ; 25        ;
;                                             ;           ;
; Total DSP Blocks                            ; 12        ;
;                                             ;           ;
; Maximum fan-out node                        ; clk~input ;
; Maximum fan-out                             ; 358       ;
; Total fan-out                               ; 2908      ;
; Average fan-out                             ; 3.37      ;
+---------------------------------------------+-----------+


+-------------------------------------------------------------------------------------------------------------------------------------------------------------------------------+
; Analysis & Synthesis Resource Utilization by Entity                                                                                                                           ;
+-----------------------------+-------------------+--------------+-------------------+------------+------+--------------+----------------------------------------+--------------+
; Compilation Hierarchy Node  ; LC Combinationals ; LC Registers ; Block Memory Bits ; DSP Blocks ; Pins ; Virtual Pins ; Full Hierarchy Name                    ; Library Name ;
+-----------------------------+-------------------+--------------+-------------------+------------+------+--------------+----------------------------------------+--------------+
; |chenillard_pwm             ; 443 (239)         ; 358 (158)    ; 0                 ; 12         ; 25   ; 0            ; |chenillard_pwm                        ; work         ;
;    |single_pwm:\pwms:0:pwm| ; 33 (33)           ; 29 (29)      ; 0                 ; 1          ; 0    ; 0            ; |chenillard_pwm|single_pwm:\pwms:0:pwm ; work         ;
;    |single_pwm:\pwms:1:pwm| ; 19 (19)           ; 19 (19)      ; 0                 ; 1          ; 0    ; 0            ; |chenillard_pwm|single_pwm:\pwms:1:pwm ; work         ;
;    |single_pwm:\pwms:2:pwm| ; 19 (19)           ; 19 (19)      ; 0                 ; 1          ; 0    ; 0            ; |chenillard_pwm|single_pwm:\pwms:2:pwm ; work         ;
;    |single_pwm:\pwms:3:pwm| ; 19 (19)           ; 19 (19)      ; 0                 ; 1          ; 0    ; 0            ; |chenillard_pwm|single_pwm:\pwms:3:pwm ; work         ;
;    |single_pwm:\pwms:4:pwm| ; 19 (19)           ; 19 (19)      ; 0                 ; 1          ; 0    ; 0            ; |chenillard_pwm|single_pwm:\pwms:4:pwm ; work         ;
;    |single_pwm:\pwms:5:pwm| ; 19 (19)           ; 19 (19)      ; 0                 ; 1          ; 0    ; 0            ; |chenillard_pwm|single_pwm:\pwms:5:pwm ; work         ;
;    |single_pwm:\pwms:6:pwm| ; 19 (19)           ; 19 (19)      ; 0                 ; 1          ; 0    ; 0            ; |chenillard_pwm|single_pwm:\pwms:6:pwm ; work         ;
;    |single_pwm:\pwms:7:pwm| ; 19 (19)           ; 19 (19)      ; 0                 ; 1          ; 0    ; 0            ; |chenillard_pwm|single_pwm:\pwms:7:pwm ; work         ;
;    |single_pwm:\pwms:8:pwm| ; 19 (19)           ; 19 (19)      ; 0                 ; 1          ; 0    ; 0            ; |chenillard_pwm|single_pwm:\pwms:8:pwm ; work         ;
;    |single_pwm:\pwms:9:pwm| ; 19 (19)           ; 19 (19)      ; 0                 ; 1          ; 0    ; 0            ; |chenillard_pwm|single_pwm:\pwms:9:pwm ; work         ;
+-----------------------------+-------------------+--------------+-------------------+------------+------+--------------+----------------------------------------+--------------+
Note: For table entries with two numbers listed, the numbers in parentheses indicate the number of resources of the given type used by the specific entity alone. The numbers listed outside of parentheses indicate the total resources of the given type used by the specific entity and all of its sub-entities in the hierarchy.


+-----------------------------------------------+
; Analysis & Synthesis DSP Block Usage Summary  ;
+---------------------------------+-------------+
; Statistic                       ; Number Used ;
+---------------------------------+-------------+
; Independent 18x18               ; 11          ;
; Independent 18x18 plus 36       ; 1           ;
; Total number of DSP blocks      ; 12          ;
;                                 ;             ;
; Fixed Point Unsigned Multiplier ; 12          ;
+---------------------------------+-------------+


Encoding Type:  One-Hot
+---------------------------------------------------------------------------------------------+
; State Machine - |chenillard_pwm|state                                                       ;
+----------------------------+------------------+----------------+----------------------------+
; Name                       ; state.wait_state ; state.go_state ; state.calculate_duty_state ;
+----------------------------+------------------+----------------+----------------------------+
; state.calculate_duty_state ; 0                ; 0              ; 0                          ;
; state.go_state             ; 0                ; 1              ; 1                          ;
; state.wait_state           ; 1                ; 0              ; 1                          ;
+----------------------------+------------------+----------------+----------------------------+


+--------------------------------------------------------------------------------------+
; Registers Removed During Synthesis                                                   ;
+----------------------------------------+---------------------------------------------+
; Register name                          ; Reason for Removal                          ;
+----------------------------------------+---------------------------------------------+
; single_pwm:\pwms:1:pwm|count[9]        ; Merged with single_pwm:\pwms:0:pwm|count[9] ;
; single_pwm:\pwms:2:pwm|count[9]        ; Merged with single_pwm:\pwms:0:pwm|count[9] ;
; single_pwm:\pwms:3:pwm|count[9]        ; Merged with single_pwm:\pwms:0:pwm|count[9] ;
; single_pwm:\pwms:4:pwm|count[9]        ; Merged with single_pwm:\pwms:0:pwm|count[9] ;
; single_pwm:\pwms:5:pwm|count[9]        ; Merged with single_pwm:\pwms:0:pwm|count[9] ;
; single_pwm:\pwms:6:pwm|count[9]        ; Merged with single_pwm:\pwms:0:pwm|count[9] ;
; single_pwm:\pwms:7:pwm|count[9]        ; Merged with single_pwm:\pwms:0:pwm|count[9] ;
; single_pwm:\pwms:8:pwm|count[9]        ; Merged with single_pwm:\pwms:0:pwm|count[9] ;
; single_pwm:\pwms:9:pwm|count[9]        ; Merged with single_pwm:\pwms:0:pwm|count[9] ;
; single_pwm:\pwms:1:pwm|count[8]        ; Merged with single_pwm:\pwms:0:pwm|count[8] ;
; single_pwm:\pwms:2:pwm|count[8]        ; Merged with single_pwm:\pwms:0:pwm|count[8] ;
; single_pwm:\pwms:3:pwm|count[8]        ; Merged with single_pwm:\pwms:0:pwm|count[8] ;
; single_pwm:\pwms:4:pwm|count[8]        ; Merged with single_pwm:\pwms:0:pwm|count[8] ;
; single_pwm:\pwms:5:pwm|count[8]        ; Merged with single_pwm:\pwms:0:pwm|count[8] ;
; single_pwm:\pwms:6:pwm|count[8]        ; Merged with single_pwm:\pwms:0:pwm|count[8] ;
; single_pwm:\pwms:7:pwm|count[8]        ; Merged with single_pwm:\pwms:0:pwm|count[8] ;
; single_pwm:\pwms:8:pwm|count[8]        ; Merged with single_pwm:\pwms:0:pwm|count[8] ;
; single_pwm:\pwms:9:pwm|count[8]        ; Merged with single_pwm:\pwms:0:pwm|count[8] ;
; single_pwm:\pwms:1:pwm|count[7]        ; Merged with single_pwm:\pwms:0:pwm|count[7] ;
; single_pwm:\pwms:2:pwm|count[7]        ; Merged with single_pwm:\pwms:0:pwm|count[7] ;
; single_pwm:\pwms:3:pwm|count[7]        ; Merged with single_pwm:\pwms:0:pwm|count[7] ;
; single_pwm:\pwms:4:pwm|count[7]        ; Merged with single_pwm:\pwms:0:pwm|count[7] ;
; single_pwm:\pwms:5:pwm|count[7]        ; Merged with single_pwm:\pwms:0:pwm|count[7] ;
; single_pwm:\pwms:6:pwm|count[7]        ; Merged with single_pwm:\pwms:0:pwm|count[7] ;
; single_pwm:\pwms:7:pwm|count[7]        ; Merged with single_pwm:\pwms:0:pwm|count[7] ;
; single_pwm:\pwms:8:pwm|count[7]        ; Merged with single_pwm:\pwms:0:pwm|count[7] ;
; single_pwm:\pwms:9:pwm|count[7]        ; Merged with single_pwm:\pwms:0:pwm|count[7] ;
; single_pwm:\pwms:1:pwm|count[6]        ; Merged with single_pwm:\pwms:0:pwm|count[6] ;
; single_pwm:\pwms:2:pwm|count[6]        ; Merged with single_pwm:\pwms:0:pwm|count[6] ;
; single_pwm:\pwms:3:pwm|count[6]        ; Merged with single_pwm:\pwms:0:pwm|count[6] ;
; single_pwm:\pwms:4:pwm|count[6]        ; Merged with single_pwm:\pwms:0:pwm|count[6] ;
; single_pwm:\pwms:5:pwm|count[6]        ; Merged with single_pwm:\pwms:0:pwm|count[6] ;
; single_pwm:\pwms:6:pwm|count[6]        ; Merged with single_pwm:\pwms:0:pwm|count[6] ;
; single_pwm:\pwms:7:pwm|count[6]        ; Merged with single_pwm:\pwms:0:pwm|count[6] ;
; single_pwm:\pwms:8:pwm|count[6]        ; Merged with single_pwm:\pwms:0:pwm|count[6] ;
; single_pwm:\pwms:9:pwm|count[6]        ; Merged with single_pwm:\pwms:0:pwm|count[6] ;
; single_pwm:\pwms:1:pwm|count[5]        ; Merged with single_pwm:\pwms:0:pwm|count[5] ;
; single_pwm:\pwms:2:pwm|count[5]        ; Merged with single_pwm:\pwms:0:pwm|count[5] ;
; single_pwm:\pwms:3:pwm|count[5]        ; Merged with single_pwm:\pwms:0:pwm|count[5] ;
; single_pwm:\pwms:4:pwm|count[5]        ; Merged with single_pwm:\pwms:0:pwm|count[5] ;
; single_pwm:\pwms:5:pwm|count[5]        ; Merged with single_pwm:\pwms:0:pwm|count[5] ;
; single_pwm:\pwms:6:pwm|count[5]        ; Merged with single_pwm:\pwms:0:pwm|count[5] ;
; single_pwm:\pwms:7:pwm|count[5]        ; Merged with single_pwm:\pwms:0:pwm|count[5] ;
; single_pwm:\pwms:8:pwm|count[5]        ; Merged with single_pwm:\pwms:0:pwm|count[5] ;
; single_pwm:\pwms:9:pwm|count[5]        ; Merged with single_pwm:\pwms:0:pwm|count[5] ;
; single_pwm:\pwms:1:pwm|count[4]        ; Merged with single_pwm:\pwms:0:pwm|count[4] ;
; single_pwm:\pwms:2:pwm|count[4]        ; Merged with single_pwm:\pwms:0:pwm|count[4] ;
; single_pwm:\pwms:3:pwm|count[4]        ; Merged with single_pwm:\pwms:0:pwm|count[4] ;
; single_pwm:\pwms:4:pwm|count[4]        ; Merged with single_pwm:\pwms:0:pwm|count[4] ;
; single_pwm:\pwms:5:pwm|count[4]        ; Merged with single_pwm:\pwms:0:pwm|count[4] ;
; single_pwm:\pwms:6:pwm|count[4]        ; Merged with single_pwm:\pwms:0:pwm|count[4] ;
; single_pwm:\pwms:7:pwm|count[4]        ; Merged with single_pwm:\pwms:0:pwm|count[4] ;
; single_pwm:\pwms:8:pwm|count[4]        ; Merged with single_pwm:\pwms:0:pwm|count[4] ;
; single_pwm:\pwms:9:pwm|count[4]        ; Merged with single_pwm:\pwms:0:pwm|count[4] ;
; single_pwm:\pwms:1:pwm|count[3]        ; Merged with single_pwm:\pwms:0:pwm|count[3] ;
; single_pwm:\pwms:2:pwm|count[3]        ; Merged with single_pwm:\pwms:0:pwm|count[3] ;
; single_pwm:\pwms:3:pwm|count[3]        ; Merged with single_pwm:\pwms:0:pwm|count[3] ;
; single_pwm:\pwms:4:pwm|count[3]        ; Merged with single_pwm:\pwms:0:pwm|count[3] ;
; single_pwm:\pwms:5:pwm|count[3]        ; Merged with single_pwm:\pwms:0:pwm|count[3] ;
; single_pwm:\pwms:6:pwm|count[3]        ; Merged with single_pwm:\pwms:0:pwm|count[3] ;
; single_pwm:\pwms:7:pwm|count[3]        ; Merged with single_pwm:\pwms:0:pwm|count[3] ;
; single_pwm:\pwms:8:pwm|count[3]        ; Merged with single_pwm:\pwms:0:pwm|count[3] ;
; single_pwm:\pwms:9:pwm|count[3]        ; Merged with single_pwm:\pwms:0:pwm|count[3] ;
; single_pwm:\pwms:1:pwm|count[2]        ; Merged with single_pwm:\pwms:0:pwm|count[2] ;
; single_pwm:\pwms:2:pwm|count[2]        ; Merged with single_pwm:\pwms:0:pwm|count[2] ;
; single_pwm:\pwms:3:pwm|count[2]        ; Merged with single_pwm:\pwms:0:pwm|count[2] ;
; single_pwm:\pwms:4:pwm|count[2]        ; Merged with single_pwm:\pwms:0:pwm|count[2] ;
; single_pwm:\pwms:5:pwm|count[2]        ; Merged with single_pwm:\pwms:0:pwm|count[2] ;
; single_pwm:\pwms:6:pwm|count[2]        ; Merged with single_pwm:\pwms:0:pwm|count[2] ;
; single_pwm:\pwms:7:pwm|count[2]        ; Merged with single_pwm:\pwms:0:pwm|count[2] ;
; single_pwm:\pwms:8:pwm|count[2]        ; Merged with single_pwm:\pwms:0:pwm|count[2] ;
; single_pwm:\pwms:9:pwm|count[2]        ; Merged with single_pwm:\pwms:0:pwm|count[2] ;
; single_pwm:\pwms:1:pwm|count[1]        ; Merged with single_pwm:\pwms:0:pwm|count[1] ;
; single_pwm:\pwms:2:pwm|count[1]        ; Merged with single_pwm:\pwms:0:pwm|count[1] ;
; single_pwm:\pwms:3:pwm|count[1]        ; Merged with single_pwm:\pwms:0:pwm|count[1] ;
; single_pwm:\pwms:4:pwm|count[1]        ; Merged with single_pwm:\pwms:0:pwm|count[1] ;
; single_pwm:\pwms:5:pwm|count[1]        ; Merged with single_pwm:\pwms:0:pwm|count[1] ;
; single_pwm:\pwms:6:pwm|count[1]        ; Merged with single_pwm:\pwms:0:pwm|count[1] ;
; single_pwm:\pwms:7:pwm|count[1]        ; Merged with single_pwm:\pwms:0:pwm|count[1] ;
; single_pwm:\pwms:8:pwm|count[1]        ; Merged with single_pwm:\pwms:0:pwm|count[1] ;
; single_pwm:\pwms:9:pwm|count[1]        ; Merged with single_pwm:\pwms:0:pwm|count[1] ;
; single_pwm:\pwms:1:pwm|count[0]        ; Merged with single_pwm:\pwms:0:pwm|count[0] ;
; single_pwm:\pwms:2:pwm|count[0]        ; Merged with single_pwm:\pwms:0:pwm|count[0] ;
; single_pwm:\pwms:3:pwm|count[0]        ; Merged with single_pwm:\pwms:0:pwm|count[0] ;
; single_pwm:\pwms:4:pwm|count[0]        ; Merged with single_pwm:\pwms:0:pwm|count[0] ;
; single_pwm:\pwms:5:pwm|count[0]        ; Merged with single_pwm:\pwms:0:pwm|count[0] ;
; single_pwm:\pwms:6:pwm|count[0]        ; Merged with single_pwm:\pwms:0:pwm|count[0] ;
; single_pwm:\pwms:7:pwm|count[0]        ; Merged with single_pwm:\pwms:0:pwm|count[0] ;
; single_pwm:\pwms:8:pwm|count[0]        ; Merged with single_pwm:\pwms:0:pwm|count[0] ;
; single_pwm:\pwms:9:pwm|count[0]        ; Merged with single_pwm:\pwms:0:pwm|count[0] ;
; Total Number of Removed Registers = 90 ;                                             ;
+----------------------------------------+---------------------------------------------+


+------------------------------------------------------+
; General Register Statistics                          ;
+----------------------------------------------+-------+
; Statistic                                    ; Value ;
+----------------------------------------------+-------+
; Total registers                              ; 358   ;
; Number of registers using Synchronous Clear  ; 164   ;
; Number of registers using Synchronous Load   ; 0     ;
; Number of registers using Asynchronous Clear ; 23    ;
; Number of registers using Asynchronous Load  ; 0     ;
; Number of registers using Clock Enable       ; 337   ;
; Number of registers using Preset             ; 0     ;
+----------------------------------------------+-------+


+---------------------------------------------------------------------+
; Parameter Settings for User Entity Instance: single_pwm:\pwms:0:pwm ;
+-----------------+----------+----------------------------------------+
; Parameter Name  ; Value    ; Type                                   ;
+-----------------+----------+----------------------------------------+
; sys_clk         ; 50000000 ; Signed Integer                         ;
; pwm_freq        ; 50000    ; Signed Integer                         ;
; bits_resolution ; 8        ; Signed Integer                         ;
+-----------------+----------+----------------------------------------+
Note: In order to hide this table in the UI and the text report file, please set the "Show Parameter Settings in Synthesis Report" option in "Analysis and Synthesis Settings -> More Settings" to "Off".


+---------------------------------------------------------------------+
; Parameter Settings for User Entity Instance: single_pwm:\pwms:1:pwm ;
+-----------------+----------+----------------------------------------+
; Parameter Name  ; Value    ; Type                                   ;
+-----------------+----------+----------------------------------------+
; sys_clk         ; 50000000 ; Signed Integer                         ;
; pwm_freq        ; 50000    ; Signed Integer                         ;
; bits_resolution ; 8        ; Signed Integer                         ;
+-----------------+----------+----------------------------------------+
Note: In order to hide this table in the UI and the text report file, please set the "Show Parameter Settings in Synthesis Report" option in "Analysis and Synthesis Settings -> More Settings" to "Off".


+---------------------------------------------------------------------+
; Parameter Settings for User Entity Instance: single_pwm:\pwms:2:pwm ;
+-----------------+----------+----------------------------------------+
; Parameter Name  ; Value    ; Type                                   ;
+-----------------+----------+----------------------------------------+
; sys_clk         ; 50000000 ; Signed Integer                         ;
; pwm_freq        ; 50000    ; Signed Integer                         ;
; bits_resolution ; 8        ; Signed Integer                         ;
+-----------------+----------+----------------------------------------+
Note: In order to hide this table in the UI and the text report file, please set the "Show Parameter Settings in Synthesis Report" option in "Analysis and Synthesis Settings -> More Settings" to "Off".


+---------------------------------------------------------------------+
; Parameter Settings for User Entity Instance: single_pwm:\pwms:3:pwm ;
+-----------------+----------+----------------------------------------+
; Parameter Name  ; Value    ; Type                                   ;
+-----------------+----------+----------------------------------------+
; sys_clk         ; 50000000 ; Signed Integer                         ;
; pwm_freq        ; 50000    ; Signed Integer                         ;
; bits_resolution ; 8        ; Signed Integer                         ;
+-----------------+----------+----------------------------------------+
Note: In order to hide this table in the UI and the text report file, please set the "Show Parameter Settings in Synthesis Report" option in "Analysis and Synthesis Settings -> More Settings" to "Off".


+---------------------------------------------------------------------+
; Parameter Settings for User Entity Instance: single_pwm:\pwms:4:pwm ;
+-----------------+----------+----------------------------------------+
; Parameter Name  ; Value    ; Type                                   ;
+-----------------+----------+----------------------------------------+
; sys_clk         ; 50000000 ; Signed Integer                         ;
; pwm_freq        ; 50000    ; Signed Integer                         ;
; bits_resolution ; 8        ; Signed Integer                         ;
+-----------------+----------+----------------------------------------+
Note: In order to hide this table in the UI and the text report file, please set the "Show Parameter Settings in Synthesis Report" option in "Analysis and Synthesis Settings -> More Settings" to "Off".


+---------------------------------------------------------------------+
; Parameter Settings for User Entity Instance: single_pwm:\pwms:5:pwm ;
+-----------------+----------+----------------------------------------+
; Parameter Name  ; Value    ; Type                                   ;
+-----------------+----------+----------------------------------------+
; sys_clk         ; 50000000 ; Signed Integer                         ;
; pwm_freq        ; 50000    ; Signed Integer                         ;
; bits_resolution ; 8        ; Signed Integer                         ;
+-----------------+----------+----------------------------------------+
Note: In order to hide this table in the UI and the text report file, please set the "Show Parameter Settings in Synthesis Report" option in "Analysis and Synthesis Settings -> More Settings" to "Off".


+---------------------------------------------------------------------+
; Parameter Settings for User Entity Instance: single_pwm:\pwms:6:pwm ;
+-----------------+----------+----------------------------------------+
; Parameter Name  ; Value    ; Type                                   ;
+-----------------+----------+----------------------------------------+
; sys_clk         ; 50000000 ; Signed Integer                         ;
; pwm_freq        ; 50000    ; Signed Integer                         ;
; bits_resolution ; 8        ; Signed Integer                         ;
+-----------------+----------+----------------------------------------+
Note: In order to hide this table in the UI and the text report file, please set the "Show Parameter Settings in Synthesis Report" option in "Analysis and Synthesis Settings -> More Settings" to "Off".


+---------------------------------------------------------------------+
; Parameter Settings for User Entity Instance: single_pwm:\pwms:7:pwm ;
+-----------------+----------+----------------------------------------+
; Parameter Name  ; Value    ; Type                                   ;
+-----------------+----------+----------------------------------------+
; sys_clk         ; 50000000 ; Signed Integer                         ;
; pwm_freq        ; 50000    ; Signed Integer                         ;
; bits_resolution ; 8        ; Signed Integer                         ;
+-----------------+----------+----------------------------------------+
Note: In order to hide this table in the UI and the text report file, please set the "Show Parameter Settings in Synthesis Report" option in "Analysis and Synthesis Settings -> More Settings" to "Off".


+---------------------------------------------------------------------+
; Parameter Settings for User Entity Instance: single_pwm:\pwms:8:pwm ;
+-----------------+----------+----------------------------------------+
; Parameter Name  ; Value    ; Type                                   ;
+-----------------+----------+----------------------------------------+
; sys_clk         ; 50000000 ; Signed Integer                         ;
; pwm_freq        ; 50000    ; Signed Integer                         ;
; bits_resolution ; 8        ; Signed Integer                         ;
+-----------------+----------+----------------------------------------+
Note: In order to hide this table in the UI and the text report file, please set the "Show Parameter Settings in Synthesis Report" option in "Analysis and Synthesis Settings -> More Settings" to "Off".


+---------------------------------------------------------------------+
; Parameter Settings for User Entity Instance: single_pwm:\pwms:9:pwm ;
+-----------------+----------+----------------------------------------+
; Parameter Name  ; Value    ; Type                                   ;
+-----------------+----------+----------------------------------------+
; sys_clk         ; 50000000 ; Signed Integer                         ;
; pwm_freq        ; 50000    ; Signed Integer                         ;
; bits_resolution ; 8        ; Signed Integer                         ;
+-----------------+----------+----------------------------------------+
Note: In order to hide this table in the UI and the text report file, please set the "Show Parameter Settings in Synthesis Report" option in "Analysis and Synthesis Settings -> More Settings" to "Off".


+-----------------------------------------------------+
; Post-Synthesis Netlist Statistics for Top Partition ;
+-----------------------+-----------------------------+
; Type                  ; Count                       ;
+-----------------------+-----------------------------+
; arriav_ff             ; 358                         ;
;     CLR               ; 10                          ;
;     CLR SCLR          ; 10                          ;
;     ENA               ; 180                         ;
;     ENA CLR           ; 3                           ;
;     ENA SCLR          ; 154                         ;
;     plain             ; 1                           ;
; arriav_lcell_comb     ; 443                         ;
;     arith             ; 185                         ;
;         0 data inputs ; 11                          ;
;         1 data inputs ; 146                         ;
;         2 data inputs ; 28                          ;
;     normal            ; 248                         ;
;         2 data inputs ; 17                          ;
;         3 data inputs ; 14                          ;
;         4 data inputs ; 83                          ;
;         5 data inputs ; 47                          ;
;         6 data inputs ; 87                          ;
;     shared            ; 10                          ;
;         2 data inputs ; 10                          ;
; arriav_mac            ; 12                          ;
; boundary_port         ; 25                          ;
;                       ;                             ;
; Max LUT depth         ; 6.40                        ;
; Average LUT depth     ; 3.03                        ;
+-----------------------+-----------------------------+


+-------------------------------+
; Elapsed Time Per Partition    ;
+----------------+--------------+
; Partition Name ; Elapsed Time ;
+----------------+--------------+
; Top            ; 00:00:01     ;
+----------------+--------------+


+-------------------------------+
; Analysis & Synthesis Messages ;
+-------------------------------+
Info: *******************************************************************
Info: Running Quartus II 64-Bit Analysis & Synthesis
    Info: Version 15.0.0 Build 145 04/22/2015 SJ Web Edition
    Info: Processing started: Tue Dec 15 13:06:51 2015
Info: Command: quartus_map --read_settings_files=on --write_settings_files=off chenillard_pwm -c chenillard_pwm
Warning (20028): Parallel compilation is not licensed and has been disabled
Info (12021): Found 2 design units, including 1 entities, in source file /users/daichi/hubic/eln/fpga/projects/single_pwm/single_pwm.vhd
    Info (12022): Found design unit 1: single_pwm-pwm_arch
    Info (12023): Found entity 1: single_pwm
Info (12021): Found 2 design units, including 1 entities, in source file chenillard_pwm.vhd
    Info (12022): Found design unit 1: chenillard_pwm-chenillard_arch
    Info (12023): Found entity 1: chenillard_pwm
Info (12127): Elaborating entity "chenillard_pwm" for the top level hierarchy
Warning (10492): VHDL Process Statement warning at chenillard_pwm.vhd(49): signal "ena" is read inside the Process Statement but isn't in the Process Statement's sensitivity list
Info (12128): Elaborating entity "single_pwm" for hierarchy "single_pwm:\pwms:0:pwm"
Info (286030): Timing-Driven Synthesis is running
Warning (20013): Ignored assignments for entity "chenillard" -- entity does not exist in design
    Warning (20014): Assignment for entity set_instance_assignment -name PARTITION_HIERARCHY root_partition -to | -entity chenillard -section_id Top was ignored
    Warning (20014): Assignment for entity set_global_assignment -name PARTITION_NETLIST_TYPE SOURCE -entity chenillard -section_id Top was ignored
    Warning (20014): Assignment for entity set_global_assignment -name PARTITION_FITTER_PRESERVATION_LEVEL PLACEMENT_AND_ROUTING -entity chenillard -section_id Top was ignored
    Warning (20014): Assignment for entity set_global_assignment -name PARTITION_PRESERVE_HIGH_SPEED_TILES ON -entity chenillard -section_id Top was ignored
    Warning (20014): Assignment for entity set_global_assignment -name PARTITION_IGNORE_SOURCE_FILE_CHANGES OFF -entity chenillard -section_id Top was ignored
    Warning (20014): Assignment for entity set_global_assignment -name PARTITION_ALWAYS_USE_QXP_NETLIST OFF -entity chenillard -section_id Top was ignored
    Warning (20014): Assignment for entity set_global_assignment -name PARTITION_COLOR 16764057 -entity chenillard -section_id Top was ignored
    Warning (20014): Assignment for entity set_global_assignment -name PARTITION_IMPORT_ASSIGNMENTS ON -entity chenillard -section_id Top was ignored
    Warning (20014): Assignment for entity set_global_assignment -name PARTITION_IMPORT_EXISTING_ASSIGNMENTS REPLACE_CONFLICTING -entity chenillard -section_id Top was ignored
    Warning (20014): Assignment for entity set_global_assignment -name PARTITION_IMPORT_EXISTING_LOGICLOCK_REGIONS UPDATE_CONFLICTING -entity chenillard -section_id Top was ignored
    Warning (20014): Assignment for entity set_global_assignment -name PARTITION_IMPORT_PIN_ASSIGNMENTS ON -entity chenillard -section_id Top was ignored
    Warning (20014): Assignment for entity set_global_assignment -name PARTITION_IMPORT_PROMOTE_ASSIGNMENTS ON -entity chenillard -section_id Top was ignored
    Warning (20014): Assignment for entity set_global_assignment -name PARTITION_TYPE STANDARD_PARTITION -entity chenillard -section_id Top was ignored
    Warning (20014): Assignment for entity set_global_assignment -name ALLOW_MULTIPLE_PERSONAS OFF -entity chenillard -section_id Top was ignored
    Warning (20014): Assignment for entity set_global_assignment -name PARTITION_ASD_REGION_ID 1 -entity chenillard -section_id Top was ignored
    Warning (20014): Assignment for entity set_global_assignment -name CROSS_BOUNDARY_OPTIMIZATIONS OFF -entity chenillard -section_id Top was ignored
    Warning (20014): Assignment for entity set_global_assignment -name PROPAGATE_CONSTANTS_ON_INPUTS ON -entity chenillard -section_id Top was ignored
    Warning (20014): Assignment for entity set_global_assignment -name PROPAGATE_INVERSIONS_ON_INPUTS ON -entity chenillard -section_id Top was ignored
    Warning (20014): Assignment for entity set_global_assignment -name REMOVE_LOGIC_ON_UNCONNECTED_OUTPUTS ON -entity chenillard -section_id Top was ignored
    Warning (20014): Assignment for entity set_global_assignment -name MERGE_EQUIVALENT_INPUTS ON -entity chenillard -section_id Top was ignored
    Warning (20014): Assignment for entity set_global_assignment -name MERGE_EQUIVALENT_BIDIRS ON -entity chenillard -section_id Top was ignored
    Warning (20014): Assignment for entity set_global_assignment -name ABSORB_PATHS_FROM_OUTPUTS_TO_INPUTS ON -entity chenillard -section_id Top was ignored
    Warning (20014): Assignment for entity set_global_assignment -name PARTITION_EXTRACT_HARD_BLOCK_NODES ON -entity chenillard -section_id Top was ignored
    Warning (20014): Assignment for entity set_global_assignment -name PARTITION_ENABLE_STRICT_PRESERVATION OFF -entity chenillard -section_id Top was ignored
Info (16010): Generating hard_block partition "hard_block:auto_generated_inst"
    Info (16011): Adding 0 node(s), including 0 DDIO, 0 PLL, 0 transceiver and 0 LCELL
Info (21057): Implemented 690 device resources after synthesis - the final resource count might be different
    Info (21058): Implemented 15 input pins
    Info (21059): Implemented 10 output pins
    Info (21061): Implemented 653 logic cells
    Info (21062): Implemented 12 DSP elements
Info: Quartus II 64-Bit Analysis & Synthesis was successful. 0 errors, 27 warnings
    Info: Peak virtual memory: 791 megabytes
    Info: Processing ended: Tue Dec 15 13:07:05 2015
    Info: Elapsed time: 00:00:14
    Info: Total CPU time (on all processors): 00:00:28


